{"meta": {"format": 3, "version": "7.13.2", "timestamp": "2026-01-27T22:27:18.961431", "branch_coverage": false, "show_contexts": false}, "files": {"app\\__init__.py": {"executed_lines": [], "summary": {"covered_lines": 0, "num_statements": 0, "percent_covered": 100.0, "percent_covered_display": "100.00", "missing_lines": 0, "excluded_lines": 0, "percent_statements_covered": 100.0, "percent_statements_covered_display": "100.00"}, "missing_lines": [], "excluded_lines": [], "functions": {"": {"executed_lines": [], "summary": {"covered_lines": 0, "num_statements": 0, "percent_covered": 100.0, "percent_covered_display": "100.00", "missing_lines": 0, "excluded_lines": 0, "percent_statements_covered": 100.0, "percent_statements_covered_display": "100.00"}, "missing_lines": [], "excluded_lines": [], "start_line": 1}}, "classes": {"": {"executed_lines": [], "summary": {"covered_lines": 0, "num_statements": 0, "percent_covered": 100.0, "percent_covered_display": "100.00", "missing_lines": 0, "excluded_lines": 0, "percent_statements_covered": 100.0, "percent_statements_covered_display": "100.00"}, "missing_lines": [], "excluded_lines": [], "start_line": 1}}}, "app\\admin\\__init__.py": {"executed_lines": [], "summary": {"covered_lines": 0, "num_statements": 0, "percent_covered": 100.0, "percent_covered_display": "100.00", "missing_lines": 0, "excluded_lines": 0, "percent_statements_covered": 100.0, "percent_statements_covered_display": "100.00"}, "missing_lines": [], "excluded_lines": [], "functions": {"": {"executed_lines": [], "summary": {"covered_lines": 0, "num_statements": 0, "percent_covered": 100.0, "percent_covered_display": "100.00", "missing_lines": 0, "excluded_lines": 0, "percent_statements_covered": 100.0, "percent_statements_covered_display": "100.00"}, "missing_lines": [], "excluded_lines": [], "start_line": 1}}, "classes": {"": {"executed_lines": [], "summary": {"covered_lines": 0, "num_statements": 0, "percent_covered": 100.0, "percent_covered_display": "100.00", "missing_lines": 0, "excluded_lines": 0, "percent_statements_covered": 100.0, "percent_statements_covered_display": "100.00"}, "missing_lines": [], "excluded_lines": [], "start_line": 1}}}, "app\\admin\\auth.py": {"executed_lines": [1, 2, 3, 4, 6, 7, 10, 11, 41, 46], "summary": {"covered_lines": 10, "num_statements": 31, "percent_covered": 32.25806451612903, "percent_covered_display": "32.26", "missing_lines": 21, "excluded_lines": 0, "percent_statements_covered": 32.25806451612903, "percent_statements_covered_display": "32.26"}, "missing_lines": [12, 13, 14, 17, 25, 27, 34, 36, 37, 39, 43, 44, 47, 49, 50, 53, 62, 63, 64, 65, 67], "excluded_lines": [], "functions": {"AdminAuth.login": {"executed_lines": [], "summary": {"covered_lines": 0, "num_statements": 10, "percent_covered": 0.0, "percent_covered_display": "0.00", "missing_lines": 10, "excluded_lines": 0, "percent_statements_covered": 0.0, "percent_statements_covered_display": "0.00"}, "missing_lines": [12, 13, 14, 17, 25, 27, 34, 36, 37, 39], "excluded_lines": [], "start_line": 11}, "AdminAuth.logout": {"executed_lines": [], "summary": {"covered_lines": 0, "num_statements": 2, "percent_covered": 0.0, "percent_covered_display": "0.00", "missing_lines": 2, "excluded_lines": 0, "percent_statements_covered": 0.0, "percent_statements_covered_display": "0.00"}, "missing_lines": [43, 44], "excluded_lines": [], "start_line": 41}, "AdminAuth.authenticate": {"executed_lines": [], "summary": {"covered_lines": 0, "num_statements": 9, "percent_covered": 0.0, "percent_covered_display": "0.00", "missing_lines": 9, "excluded_lines": 0, "percent_statements_covered": 0.0, "percent_statements_covered_display": "0.00"}, "missing_lines": [47, 49, 50, 53, 62, 63, 64, 65, 67], "excluded_lines": [], "start_line": 46}, "": {"executed_lines": [1, 2, 3, 4, 6, 7, 10, 11, 41, 46], "summary": {"covered_lines": 10, "num_statements": 10, "percent_covered": 100.0, "percent_covered_display": "100.00", "missing_lines": 0, "excluded_lines": 0, "percent_statements_covered": 100.0, "percent_statements_covered_display": "100.00"}, "missing_lines": [], "excluded_lines": [], "start_line": 1}}, "classes": {"AdminAuth": {"executed_lines": [], "summary": {"covered_lines": 0, "num_statements": 21, "percent_covered": 0.0, "percent_covered_display": "0.00", "missing_lines": 21, "excluded_lines": 0, "percent_statements_covered": 0.0, "percent_statements_covered_display": "0.00"}, "missing_lines": [12, 13, 14, 17, 25, 27, 34, 36, 37, 39, 43, 44, 47, 49, 50, 53, 62, 63, 64, 65, 67], "excluded_lines": [], "start_line": 10}, "": {"executed_lines": [1, 2, 3, 4, 6, 7, 10, 11, 41, 46], "summary": {"covered_lines": 10, "num_statements": 10, "percent_covered": 100.0, "percent_covered_display": "100.00", "missing_lines": 0, "excluded_lines": 0, "percent_statements_covered": 100.0, "percent_statements_covered_display": "100.00"}, "missing_lines": [], "excluded_lines": [], "start_line": 1}}}, "app\\admin\\views.py": {"executed_lines": [1, 3, 4, 5, 6, 7, 8, 9, 10, 11, 12, 13, 14, 15, 16, 17, 18, 19, 20, 22, 25, 26, 35, 37, 39, 40, 41, 42, 45, 46, 59, 60, 62, 64, 65, 68, 69, 80, 83, 84, 91, 94, 95, 112, 118, 121, 122, 124, 125, 127, 130, 131, 140, 143, 144, 153, 154, 155, 157, 159, 160, 161, 162, 165, 166, 171, 172, 174, 176, 177, 178, 179, 182, 183, 193, 196, 197, 209, 212, 213, 219, 222, 223, 224, 225, 233, 236, 237, 247, 248, 249, 251, 252, 255, 256, 267, 268, 269, 271, 272, 275, 276, 293, 294, 295, 297, 298, 299, 302, 303, 318, 319, 320, 322, 323, 324, 327, 328, 343, 344, 345, 347, 348, 349, 352, 353, 364, 365, 366, 368, 376, 377, 378, 380, 381, 382, 385, 386, 400, 401, 402, 404, 410, 411, 412, 414, 415, 416], "summary": {"covered_lines": 148, "num_statements": 148, "percent_covered": 100.0, "percent_covered_display": "100.00", "missing_lines": 0, "excluded_lines": 0, "percent_statements_covered": 100.0, "percent_statements_covered_display": "100.00"}, "missing_lines": [], "excluded_lines": [], "functions": {"": {"executed_lines": [1, 3, 4, 5, 6, 7, 8, 9, 10, 11, 12, 13, 14, 15, 16, 17, 18, 19, 20, 22, 25, 26, 35, 37, 39, 40, 41, 42, 45, 46, 59, 60, 62, 64, 65, 68, 69, 80, 83, 84, 91, 94, 95, 112, 118, 121, 122, 124, 125, 127, 130, 131, 140, 143, 144, 153, 154, 155, 157, 159, 160, 161, 162, 165, 166, 171, 172, 174, 176, 177, 178, 179, 182, 183, 193, 196, 197, 209, 212, 213, 219, 222, 223, 224, 225, 233, 236, 237, 247, 248, 249, 251, 252, 255, 256, 267, 268, 269, 271, 272, 275, 276, 293, 294, 295, 297, 298, 299, 302, 303, 318, 319, 320, 322, 323, 324, 327, 328, 343, 344, 345, 347, 348, 349, 352, 353, 364, 365, 366, 368, 376, 377, 378, 380, 381, 382, 385, 386, 400, 401, 402, 404, 410, 411, 412, 414, 415, 416], "summary": {"covered_lines": 148, "num_statements": 148, "percent_covered": 100.0, "percent_covered_display": "100.00", "missing_lines": 0, "excluded_lines": 0, "percent_statements_covered": 100.0, "percent_statements_covered_display": "100.00"}, "missing_lines": [], "excluded_lines": [], "start_line": 1}}, "classes": {"UserAdmin": {"executed_lines": [], "summary": {"covered_lines": 0, "num_statements": 0, "percent_covered": 100.0, "percent_covered_display": "100.00", "missing_lines": 0, "excluded_lines": 0, "percent_statements_covered": 100.0, "percent_statements_covered_display": "100.00"}, "missing_lines": [], "excluded_lines": [], "start_line": 25}, "UserProfileAdmin": {"executed_lines": [], "summary": {"covered_lines": 0, "num_statements": 0, "percent_covered": 100.0, "percent_covered_display": "100.00", "missing_lines": 0, "excluded_lines": 0, "percent_statements_covered": 100.0, "percent_statements_covered_display": "100.00"}, "missing_lines": [], "excluded_lines": [], "start_line": 45}, "VaultAdmin": {"executed_lines": [], "summary": {"covered_lines": 0, "num_statements": 0, "percent_covered": 100.0, "percent_covered_display": "100.00", "missing_lines": 0, "excluded_lines": 0, "percent_statements_covered": 100.0, "percent_statements_covered_display": "100.00"}, "missing_lines": [], "excluded_lines": [], "start_line": 68}, "StorageAdmin": {"executed_lines": [], "summary": {"covered_lines": 0, "num_statements": 0, "percent_covered": 100.0, "percent_covered_display": "100.00", "missing_lines": 0, "excluded_lines": 0, "percent_statements_covered": 100.0, "percent_statements_covered_display": "100.00"}, "missing_lines": [], "excluded_lines": [], "start_line": 83}, "DwellerAdmin": {"executed_lines": [], "summary": {"covered_lines": 0, "num_statements": 0, "percent_covered": 100.0, "percent_covered_display": "100.00", "missing_lines": 0, "excluded_lines": 0, "percent_statements_covered": 100.0, "percent_statements_covered_display": "100.00"}, "missing_lines": [], "excluded_lines": [], "start_line": 94}, "JunkAdmin": {"executed_lines": [], "summary": {"covered_lines": 0, "num_statements": 0, "percent_covered": 100.0, "percent_covered_display": "100.00", "missing_lines": 0, "excluded_lines": 0, "percent_statements_covered": 100.0, "percent_statements_covered_display": "100.00"}, "missing_lines": [], "excluded_lines": [], "start_line": 121}, "OutfitAdmin": {"executed_lines": [], "summary": {"covered_lines": 0, "num_statements": 0, "percent_covered": 100.0, "percent_covered_display": "100.00", "missing_lines": 0, "excluded_lines": 0, "percent_statements_covered": 100.0, "percent_statements_covered_display": "100.00"}, "missing_lines": [], "excluded_lines": [], "start_line": 130}, "QuestAdmin": {"executed_lines": [], "summary": {"covered_lines": 0, "num_statements": 0, "percent_covered": 100.0, "percent_covered_display": "100.00", "missing_lines": 0, "excluded_lines": 0, "percent_statements_covered": 100.0, "percent_statements_covered_display": "100.00"}, "missing_lines": [], "excluded_lines": [], "start_line": 143}, "ObjectiveAdmin": {"executed_lines": [], "summary": {"covered_lines": 0, "num_statements": 0, "percent_covered": 100.0, "percent_covered_display": "100.00", "missing_lines": 0, "excluded_lines": 0, "percent_statements_covered": 100.0, "percent_statements_covered_display": "100.00"}, "missing_lines": [], "excluded_lines": [], "start_line": 165}, "RoomAdmin": {"executed_lines": [], "summary": {"covered_lines": 0, "num_statements": 0, "percent_covered": 100.0, "percent_covered_display": "100.00", "missing_lines": 0, "excluded_lines": 0, "percent_statements_covered": 100.0, "percent_statements_covered_display": "100.00"}, "missing_lines": [], "excluded_lines": [], "start_line": 182}, "WeaponAdmin": {"executed_lines": [], "summary": {"covered_lines": 0, "num_statements": 0, "percent_covered": 100.0, "percent_covered_display": "100.00", "missing_lines": 0, "excluded_lines": 0, "percent_statements_covered": 100.0, "percent_statements_covered_display": "100.00"}, "missing_lines": [], "excluded_lines": [], "start_line": 196}, "PromptAdmin": {"executed_lines": [], "summary": {"covered_lines": 0, "num_statements": 0, "percent_covered": 100.0, "percent_covered_display": "100.00", "missing_lines": 0, "excluded_lines": 0, "percent_statements_covered": 100.0, "percent_statements_covered_display": "100.00"}, "missing_lines": [], "excluded_lines": [], "start_line": 212}, "LLInteractionAdmin": {"executed_lines": [], "summary": {"covered_lines": 0, "num_statements": 0, "percent_covered": 100.0, "percent_covered_display": "100.00", "missing_lines": 0, "excluded_lines": 0, "percent_statements_covered": 100.0, "percent_statements_covered_display": "100.00"}, "missing_lines": [], "excluded_lines": [], "start_line": 222}, "RelationshipAdmin": {"executed_lines": [], "summary": {"covered_lines": 0, "num_statements": 0, "percent_covered": 100.0, "percent_covered_display": "100.00", "missing_lines": 0, "excluded_lines": 0, "percent_statements_covered": 100.0, "percent_statements_covered_display": "100.00"}, "missing_lines": [], "excluded_lines": [], "start_line": 236}, "PregnancyAdmin": {"executed_lines": [], "summary": {"covered_lines": 0, "num_statements": 0, "percent_covered": 100.0, "percent_covered_display": "100.00", "missing_lines": 0, "excluded_lines": 0, "percent_statements_covered": 100.0, "percent_statements_covered_display": "100.00"}, "missing_lines": [], "excluded_lines": [], "start_line": 255}, "TrainingAdmin": {"executed_lines": [], "summary": {"covered_lines": 0, "num_statements": 0, "percent_covered": 100.0, "percent_covered_display": "100.00", "missing_lines": 0, "excluded_lines": 0, "percent_statements_covered": 100.0, "percent_statements_covered_display": "100.00"}, "missing_lines": [], "excluded_lines": [], "start_line": 275}, "IncidentAdmin": {"executed_lines": [], "summary": {"covered_lines": 0, "num_statements": 0, "percent_covered": 100.0, "percent_covered_display": "100.00", "missing_lines": 0, "excluded_lines": 0, "percent_statements_covered": 100.0, "percent_statements_covered_display": "100.00"}, "missing_lines": [], "excluded_lines": [], "start_line": 302}, "ExplorationAdmin": {"executed_lines": [], "summary": {"covered_lines": 0, "num_statements": 0, "percent_covered": 100.0, "percent_covered_display": "100.00", "missing_lines": 0, "excluded_lines": 0, "percent_statements_covered": 100.0, "percent_statements_covered_display": "100.00"}, "missing_lines": [], "excluded_lines": [], "start_line": 327}, "ChatMessageAdmin": {"executed_lines": [], "summary": {"covered_lines": 0, "num_statements": 0, "percent_covered": 100.0, "percent_covered_display": "100.00", "missing_lines": 0, "excluded_lines": 0, "percent_statements_covered": 100.0, "percent_statements_covered_display": "100.00"}, "missing_lines": [], "excluded_lines": [], "start_line": 352}, "NotificationAdmin": {"executed_lines": [], "summary": {"covered_lines": 0, "num_statements": 0, "percent_covered": 100.0, "percent_covered_display": "100.00", "missing_lines": 0, "excluded_lines": 0, "percent_statements_covered": 100.0, "percent_statements_covered_display": "100.00"}, "missing_lines": [], "excluded_lines": [], "start_line": 385}, "": {"executed_lines": [1, 3, 4, 5, 6, 7, 8, 9, 10, 11, 12, 13, 14, 15, 16, 17, 18, 19, 20, 22, 25, 26, 35, 37, 39, 40, 41, 42, 45, 46, 59, 60, 62, 64, 65, 68, 69, 80, 83, 84, 91, 94, 95, 112, 118, 121, 122, 124, 125, 127, 130, 131, 140, 143, 144, 153, 154, 155, 157, 159, 160, 161, 162, 165, 166, 171, 172, 174, 176, 177, 178, 179, 182, 183, 193, 196, 197, 209, 212, 213, 219, 222, 223, 224, 225, 233, 236, 237, 247, 248, 249, 251, 252, 255, 256, 267, 268, 269, 271, 272, 275, 276, 293, 294, 295, 297, 298, 299, 302, 303, 318, 319, 320, 322, 323, 324, 327, 328, 343, 344, 345, 347, 348, 349, 352, 353, 364, 365, 366, 368, 376, 377, 378, 380, 381, 382, 385, 386, 400, 401, 402, 404, 410, 411, 412, 414, 415, 416], "summary": {"covered_lines": 148, "num_statements": 148, "percent_covered": 100.0, "percent_covered_display": "100.00", "missing_lines": 0, "excluded_lines": 0, "percent_statements_covered": 100.0, "percent_statements_covered_display": "100.00"}, "missing_lines": [], "excluded_lines": [], "start_line": 1}}}, "app\\agents\\__init__.py": {"executed_lines": [], "summary": {"covered_lines": 0, "num_statements": 0, "percent_covered": 100.0, "percent_covered_display": "100.00", "missing_lines": 0, "excluded_lines": 0, "percent_statements_covered": 100.0, "percent_statements_covered_display": "100.00"}, "missing_lines": [], "excluded_lines": [], "functions": {"": {"executed_lines": [], "summary": {"covered_lines": 0, "num_statements": 0, "percent_covered": 100.0, "percent_covered_display": "100.00", "missing_lines": 0, "excluded_lines": 0, "percent_statements_covered": 100.0, "percent_statements_covered_display": "100.00"}, "missing_lines": [], "excluded_lines": [], "start_line": 1}}, "classes": {"": {"executed_lines": [], "summary": {"covered_lines": 0, "num_statements": 0, "percent_covered": 100.0, "percent_covered_display": "100.00", "missing_lines": 0, "excluded_lines": 0, "percent_statements_covered": 100.0, "percent_statements_covered_display": "100.00"}, "missing_lines": [], "excluded_lines": [], "start_line": 1}}}, "app\\agents\\deps.py": {"executed_lines": [3, 5, 8, 9, 12, 13, 14, 15, 18, 19, 22, 25, 26, 29, 30, 31, 32], "summary": {"covered_lines": 17, "num_statements": 17, "percent_covered": 100.0, "percent_covered_display": "100.00", "missing_lines": 0, "excluded_lines": 0, "percent_statements_covered": 100.0, "percent_statements_covered_display": "100.00"}, "missing_lines": [], "excluded_lines": [], "functions": {"": {"executed_lines": [3, 5, 8, 9, 12, 13, 14, 15, 18, 19, 22, 25, 26, 29, 30, 31, 32], "summary": {"covered_lines": 17, "num_statements": 17, "percent_covered": 100.0, "percent_covered_display": "100.00", "missing_lines": 0, "excluded_lines": 0, "percent_statements_covered": 100.0, "percent_statements_covered_display": "100.00"}, "missing_lines": [], "excluded_lines": [], "start_line": 1}}, "classes": {"BackstoryDeps": {"executed_lines": [], "summary": {"covered_lines": 0, "num_statements": 0, "percent_covered": 100.0, "percent_covered_display": "100.00", "missing_lines": 0, "excluded_lines": 0, "percent_statements_covered": 100.0, "percent_statements_covered_display": "100.00"}, "missing_lines": [], "excluded_lines": [], "start_line": 9}, "ExtendBioDeps": {"executed_lines": [], "summary": {"covered_lines": 0, "num_statements": 0, "percent_covered": 100.0, "percent_covered_display": "100.00", "missing_lines": 0, "excluded_lines": 0, "percent_statements_covered": 100.0, "percent_statements_covered_display": "100.00"}, "missing_lines": [], "excluded_lines": [], "start_line": 19}, "VisualAttributesDeps": {"executed_lines": [], "summary": {"covered_lines": 0, "num_statements": 0, "percent_covered": 100.0, "percent_covered_display": "100.00", "missing_lines": 0, "excluded_lines": 0, "percent_statements_covered": 100.0, "percent_statements_covered_display": "100.00"}, "missing_lines": [], "excluded_lines": [], "start_line": 26}, "": {"executed_lines": [3, 5, 8, 9, 12, 13, 14, 15, 18, 19, 22, 25, 26, 29, 30, 31, 32], "summary": {"covered_lines": 17, "num_statements": 17, "percent_covered": 100.0, "percent_covered_display": "100.00", "missing_lines": 0, "excluded_lines": 0, "percent_statements_covered": 100.0, "percent_statements_covered_display": "100.00"}, "missing_lines": [], "excluded_lines": [], "start_line": 1}}}, "app\\agents\\dweller_agents.py": {"executed_lines": [3, 5, 6, 7, 8, 11, 13, 19, 22, 36, 37, 51, 64, 65, 76, 100, 101], "summary": {"covered_lines": 17, "num_statements": 23, "percent_covered": 73.91304347826087, "percent_covered_display": "73.91", "missing_lines": 6, "excluded_lines": 0, "percent_statements_covered": 73.91304347826087, "percent_statements_covered_display": "73.91"}, "missing_lines": [39, 40, 67, 103, 104, 106], "excluded_lines": [], "functions": {"backstory_system_prompt": {"executed_lines": [], "summary": {"covered_lines": 0, "num_statements": 2, "percent_covered": 0.0, "percent_covered_display": "0.00", "missing_lines": 2, "excluded_lines": 0, "percent_statements_covered": 0.0, "percent_statements_covered_display": "0.00"}, "missing_lines": [39, 40], "excluded_lines": [], "start_line": 37}, "bio_extension_system_prompt": {"executed_lines": [], "summary": {"covered_lines": 0, "num_statements": 1, "percent_covered": 0.0, "percent_covered_display": "0.00", "missing_lines": 1, "excluded_lines": 0, "percent_statements_covered": 0.0, "percent_statements_covered_display": "0.00"}, "missing_lines": [67], "excluded_lines": [], "start_line": 65}, "visual_attributes_system_prompt": {"executed_lines": [], "summary": {"covered_lines": 0, "num_statements": 3, "percent_covered": 0.0, "percent_covered_display": "0.00", "missing_lines": 3, "excluded_lines": 0, "percent_statements_covered": 0.0, "percent_statements_covered_display": "0.00"}, "missing_lines": [103, 104, 106], "excluded_lines": [], "start_line": 101}, "": {"executed_lines": [3, 5, 6, 7, 8, 11, 13, 19, 22, 36, 37, 51, 64, 65, 76, 100, 101], "summary": {"covered_lines": 17, "num_statements": 17, "percent_covered": 100.0, "percent_covered_display": "100.00", "missing_lines": 0, "excluded_lines": 0, "percent_statements_covered": 100.0, "percent_statements_covered_display": "100.00"}, "missing_lines": [], "excluded_lines": [], "start_line": 1}}, "classes": {"": {"executed_lines": [3, 5, 6, 7, 8, 11, 13, 19, 22, 36, 37, 51, 64, 65, 76, 100, 101], "summary": {"covered_lines": 17, "num_statements": 23, "percent_covered": 73.91304347826087, "percent_covered_display": "73.91", "missing_lines": 6, "excluded_lines": 0, "percent_statements_covered": 73.91304347826087, "percent_statements_covered_display": "73.91"}, "missing_lines": [39, 40, 67, 103, 104, 106], "excluded_lines": [], "start_line": 1}}}, "app\\api\\__init__.py": {"executed_lines": [], "summary": {"covered_lines": 0, "num_statements": 0, "percent_covered": 100.0, "percent_covered_display": "100.00", "missing_lines": 0, "excluded_lines": 0, "percent_statements_covered": 100.0, "percent_statements_covered_display": "100.00"}, "missing_lines": [], "excluded_lines": [], "functions": {"": {"executed_lines": [], "summary": {"covered_lines": 0, "num_statements": 0, "percent_covered": 100.0, "percent_covered_display": "100.00", "missing_lines": 0, "excluded_lines": 0, "percent_statements_covered": 100.0, "percent_statements_covered_display": "100.00"}, "missing_lines": [], "excluded_lines": [], "start_line": 1}}, "classes": {"": {"executed_lines": [], "summary": {"covered_lines": 0, "num_statements": 0, "percent_covered": 100.0, "percent_covered_display": "100.00", "missing_lines": 0, "excluded_lines": 0, "percent_statements_covered": 100.0, "percent_statements_covered_display": "100.00"}, "missing_lines": [], "excluded_lines": [], "start_line": 1}}}, "app\\api\\celery_task.py": {"executed_lines": [], "summary": {"covered_lines": 0, "num_statements": 77, "percent_covered": 0.0, "percent_covered_display": "0.00", "missing_lines": 77, "excluded_lines": 0, "percent_statements_covered": 0.0, "percent_statements_covered_display": "0.00"}, "missing_lines": [1, 2, 3, 4, 6, 8, 9, 10, 12, 15, 16, 19, 20, 21, 22, 25, 26, 27, 30, 31, 36, 37, 39, 41, 43, 45, 51, 53, 54, 55, 57, 59, 60, 61, 62, 64, 65, 68, 69, 74, 75, 77, 79, 81, 83, 89, 91, 92, 93, 95, 97, 98, 99, 100, 102, 103, 106, 107, 112, 113, 115, 116, 118, 120, 126, 128, 129, 130, 131, 132, 134, 136, 137, 138, 139, 141, 142], "excluded_lines": [], "functions": {"create_task": {"executed_lines": [], "summary": {"covered_lines": 0, "num_statements": 2, "percent_covered": 0.0, "percent_covered_display": "0.00", "missing_lines": 2, "excluded_lines": 0, "percent_statements_covered": 0.0, "percent_statements_covered_display": "0.00"}, "missing_lines": [21, 22], "excluded_lines": [], "start_line": 20}, "generate_dweller_attributes": {"executed_lines": [], "summary": {"covered_lines": 0, "num_statements": 1, "percent_covered": 0.0, "percent_covered_display": "0.00", "missing_lines": 1, "excluded_lines": 0, "percent_statements_covered": 0.0, "percent_statements_covered_display": "0.00"}, "missing_lines": [27], "excluded_lines": [], "start_line": 26}, "game_tick_task": {"executed_lines": [], "summary": {"covered_lines": 0, "num_statements": 9, "percent_covered": 0.0, "percent_covered_display": "0.00", "missing_lines": 9, "excluded_lines": 0, "percent_statements_covered": 0.0, "percent_statements_covered_display": "0.00"}, "missing_lines": [36, 37, 39, 59, 60, 61, 62, 64, 65], "excluded_lines": [], "start_line": 31}, "game_tick_task.run_tick": {"executed_lines": [], "summary": {"covered_lines": 0, "num_statements": 8, "percent_covered": 0.0, "percent_covered_display": "0.00", "missing_lines": 8, "excluded_lines": 0, "percent_statements_covered": 0.0, "percent_statements_covered_display": "0.00"}, "missing_lines": [41, 43, 45, 51, 53, 54, 55, 57], "excluded_lines": [], "start_line": 39}, "process_vault_tick_task": {"executed_lines": [], "summary": {"covered_lines": 0, "num_statements": 9, "percent_covered": 0.0, "percent_covered_display": "0.00", "missing_lines": 9, "excluded_lines": 0, "percent_statements_covered": 0.0, "percent_statements_covered_display": "0.00"}, "missing_lines": [74, 75, 77, 97, 98, 99, 100, 102, 103], "excluded_lines": [], "start_line": 69}, "process_vault_tick_task.run_vault_tick": {"executed_lines": [], "summary": {"covered_lines": 0, "num_statements": 8, "percent_covered": 0.0, "percent_covered_display": "0.00", "missing_lines": 8, "excluded_lines": 0, "percent_statements_covered": 0.0, "percent_statements_covered_display": "0.00"}, "missing_lines": [79, 81, 83, 89, 91, 92, 93, 95], "excluded_lines": [], "start_line": 77}, "check_permanent_deaths_task": {"executed_lines": [], "summary": {"covered_lines": 0, "num_statements": 9, "percent_covered": 0.0, "percent_covered_display": "0.00", "missing_lines": 9, "excluded_lines": 0, "percent_statements_covered": 0.0, "percent_statements_covered_display": "0.00"}, "missing_lines": [112, 113, 115, 136, 137, 138, 139, 141, 142], "excluded_lines": [], "start_line": 107}, "check_permanent_deaths_task.run_check": {"executed_lines": [], "summary": {"covered_lines": 0, "num_statements": 10, "percent_covered": 0.0, "percent_covered_display": "0.00", "missing_lines": 10, "excluded_lines": 0, "percent_statements_covered": 0.0, "percent_statements_covered_display": "0.00"}, "missing_lines": [116, 118, 120, 126, 128, 129, 130, 131, 132, 134], "excluded_lines": [], "start_line": 115}, "": {"executed_lines": [], "summary": {"covered_lines": 0, "num_statements": 21, "percent_covered": 0.0, "percent_covered_display": "0.00", "missing_lines": 21, "excluded_lines": 0, "percent_statements_covered": 0.0, "percent_statements_covered_display": "0.00"}, "missing_lines": [1, 2, 3, 4, 6, 8, 9, 10, 12, 15, 16, 19, 20, 25, 26, 30, 31, 68, 69, 106, 107], "excluded_lines": [], "start_line": 1}}, "classes": {"": {"executed_lines": [], "summary": {"covered_lines": 0, "num_statements": 77, "percent_covered": 0.0, "percent_covered_display": "0.00", "missing_lines": 77, "excluded_lines": 0, "percent_statements_covered": 0.0, "percent_statements_covered_display": "0.00"}, "missing_lines": [1, 2, 3, 4, 6, 8, 9, 10, 12, 15, 16, 19, 20, 21, 22, 25, 26, 27, 30, 31, 36, 37, 39, 41, 43, 45, 51, 53, 54, 55, 57, 59, 60, 61, 62, 64, 65, 68, 69, 74, 75, 77, 79, 81, 83, 89, 91, 92, 93, 95, 97, 98, 99, 100, 102, 103, 106, 107, 112, 113, 115, 116, 118, 120, 126, 128, 129, 130, 131, 132, 134, 136, 137, 138, 139, 141, 142], "excluded_lines": [], "start_line": 1}}}, "app\\api\\deps.py": {"executed_lines": [1, 2, 4, 5, 6, 7, 8, 9, 11, 12, 13, 14, 15, 16, 18, 23, 24, 25, 26, 28, 31, 54, 57, 63, 66, 75, 78, 103, 116, 129], "summary": {"covered_lines": 30, "num_statements": 68, "percent_covered": 44.11764705882353, "percent_covered_display": "44.12", "missing_lines": 38, "excluded_lines": 0, "percent_statements_covered": 44.11764705882353, "percent_statements_covered_display": "44.12"}, "missing_lines": [35, 36, 41, 42, 43, 44, 48, 49, 50, 51, 58, 59, 60, 67, 68, 72, 89, 90, 91, 94, 95, 100, 109, 110, 111, 113, 122, 123, 124, 126, 135, 137, 138, 139, 142, 143, 144, 146], "excluded_lines": [], "functions": {"get_redis_client": {"executed_lines": [24, 25, 26, 28], "summary": {"covered_lines": 4, "num_statements": 4, "percent_covered": 100.0, "percent_covered_display": "100.00", "missing_lines": 0, "excluded_lines": 0, "percent_statements_covered": 100.0, "percent_statements_covered_display": "100.00"}, "missing_lines": [], "excluded_lines": [], "start_line": 23}, "get_current_user": {"executed_lines": [], "summary": {"covered_lines": 0, "num_statements": 10, "percent_covered": 0.0, "percent_covered_display": "0.00", "missing_lines": 10, "excluded_lines": 0, "percent_statements_covered": 0.0, "percent_statements_covered_display": "0.00"}, "missing_lines": [35, 36, 41, 42, 43, 44, 48, 49, 50, 51], "excluded_lines": [], "start_line": 31}, "get_current_active_user": {"executed_lines": [], "summary": {"covered_lines": 0, "num_statements": 3, "percent_covered": 0.0, "percent_covered_display": "0.00", "missing_lines": 3, "excluded_lines": 0, "percent_statements_covered": 0.0, "percent_statements_covered_display": "0.00"}, "missing_lines": [58, 59, 60], "excluded_lines": [], "start_line": 57}, "get_current_active_superuser": {"executed_lines": [], "summary": {"covered_lines": 0, "num_statements": 3, "percent_covered": 0.0, "percent_covered_display": "0.00", "missing_lines": 3, "excluded_lines": 0, "percent_statements_covered": 0.0, "percent_statements_covered_display": "0.00"}, "missing_lines": [67, 68, 72], "excluded_lines": [], "start_line": 66}, "get_user_vault_or_403": {"executed_lines": [], "summary": {"covered_lines": 0, "num_statements": 6, "percent_covered": 0.0, "percent_covered_display": "0.00", "missing_lines": 6, "excluded_lines": 0, "percent_statements_covered": 0.0, "percent_statements_covered_display": "0.00"}, "missing_lines": [89, 90, 91, 94, 95, 100], "excluded_lines": [], "start_line": 78}, "verify_dweller_access": {"executed_lines": [], "summary": {"covered_lines": 0, "num_statements": 4, "percent_covered": 0.0, "percent_covered_display": "0.00", "missing_lines": 4, "excluded_lines": 0, "percent_statements_covered": 0.0, "percent_statements_covered_display": "0.00"}, "missing_lines": [109, 110, 111, 113], "excluded_lines": [], "start_line": 103}, "verify_room_access": {"executed_lines": [], "summary": {"covered_lines": 0, "num_statements": 4, "percent_covered": 0.0, "percent_covered_display": "0.00", "missing_lines": 4, "excluded_lines": 0, "percent_statements_covered": 0.0, "percent_statements_covered_display": "0.00"}, "missing_lines": [122, 123, 124, 126], "excluded_lines": [], "start_line": 116}, "verify_exploration_access": {"executed_lines": [], "summary": {"covered_lines": 0, "num_statements": 8, "percent_covered": 0.0, "percent_covered_display": "0.00", "missing_lines": 8, "excluded_lines": 0, "percent_statements_covered": 0.0, "percent_statements_covered_display": "0.00"}, "missing_lines": [135, 137, 138, 139, 142, 143, 144, 146], "excluded_lines": [], "start_line": 129}, "": {"executed_lines": [1, 2, 4, 5, 6, 7, 8, 9, 11, 12, 13, 14, 15, 16, 18, 23, 31, 54, 57, 63, 66, 75, 78, 103, 116, 129], "summary": {"covered_lines": 26, "num_statements": 26, "percent_covered": 100.0, "percent_covered_display": "100.00", "missing_lines": 0, "excluded_lines": 0, "percent_statements_covered": 100.0, "percent_statements_covered_display": "100.00"}, "missing_lines": [], "excluded_lines": [], "start_line": 1}}, "classes": {"": {"executed_lines": [1, 2, 4, 5, 6, 7, 8, 9, 11, 12, 13, 14, 15, 16, 18, 23, 24, 25, 26, 28, 31, 54, 57, 63, 66, 75, 78, 103, 116, 129], "summary": {"covered_lines": 30, "num_statements": 68, "percent_covered": 44.11764705882353, "percent_covered_display": "44.12", "missing_lines": 38, "excluded_lines": 0, "percent_statements_covered": 44.11764705882353, "percent_statements_covered_display": "44.12"}, "missing_lines": [35, 36, 41, 42, 43, 44, 48, 49, 50, 51, 58, 59, 60, 67, 68, 72, 89, 90, 91, 94, 95, 100, 109, 110, 111, 113, 122, 123, 124, 126, 135, 137, 138, 139, 142, 143, 144, 146], "excluded_lines": [], "start_line": 1}}}, "app\\api\\game_data_deps.py": {"executed_lines": [1, 4], "summary": {"covered_lines": 2, "num_statements": 3, "percent_covered": 66.66666666666667, "percent_covered_display": "66.67", "missing_lines": 1, "excluded_lines": 0, "percent_statements_covered": 66.66666666666667, "percent_statements_covered_display": "66.67"}, "missing_lines": [12], "excluded_lines": [], "functions": {"get_static_game_data": {"executed_lines": [], "summary": {"covered_lines": 0, "num_statements": 1, "percent_covered": 0.0, "percent_covered_display": "0.00", "missing_lines": 1, "excluded_lines": 0, "percent_statements_covered": 0.0, "percent_statements_covered_display": "0.00"}, "missing_lines": [12], "excluded_lines": [], "start_line": 4}, "": {"executed_lines": [1, 4], "summary": {"covered_lines": 2, "num_statements": 2, "percent_covered": 100.0, "percent_covered_display": "100.00", "missing_lines": 0, "excluded_lines": 0, "percent_statements_covered": 100.0, "percent_statements_covered_display": "100.00"}, "missing_lines": [], "excluded_lines": [], "start_line": 1}}, "classes": {"": {"executed_lines": [1, 4], "summary": {"covered_lines": 2, "num_statements": 3, "percent_covered": 66.66666666666667, "percent_covered_display": "66.67", "missing_lines": 1, "excluded_lines": 0, "percent_statements_covered": 66.66666666666667, "percent_statements_covered_display": "66.67"}, "missing_lines": [12], "excluded_lines": [], "start_line": 1}}}, "app\\api\\v1\\__init__.py": {"executed_lines": [], "summary": {"covered_lines": 0, "num_statements": 0, "percent_covered": 100.0, "percent_covered_display": "100.00", "missing_lines": 0, "excluded_lines": 0, "percent_statements_covered": 100.0, "percent_statements_covered_display": "100.00"}, "missing_lines": [], "excluded_lines": [], "functions": {"": {"executed_lines": [], "summary": {"covered_lines": 0, "num_statements": 0, "percent_covered": 100.0, "percent_covered_display": "100.00", "missing_lines": 0, "excluded_lines": 0, "percent_statements_covered": 100.0, "percent_statements_covered_display": "100.00"}, "missing_lines": [], "excluded_lines": [], "start_line": 1}}, "classes": {"": {"executed_lines": [], "summary": {"covered_lines": 0, "num_statements": 0, "percent_covered": 100.0, "percent_covered_display": "100.00", "missing_lines": 0, "excluded_lines": 0, "percent_statements_covered": 100.0, "percent_statements_covered_display": "100.00"}, "missing_lines": [], "excluded_lines": [], "start_line": 1}}}, "app\\api\\v1\\api.py": {"executed_lines": [1, 3, 27, 28, 29, 30, 31, 32, 33, 34, 35, 36, 37, 38, 39, 40, 41, 42, 43, 44, 45, 46, 47, 48], "summary": {"covered_lines": 24, "num_statements": 24, "percent_covered": 100.0, "percent_covered_display": "100.00", "missing_lines": 0, "excluded_lines": 0, "percent_statements_covered": 100.0, "percent_statements_covered_display": "100.00"}, "missing_lines": [], "excluded_lines": [], "functions": {"": {"executed_lines": [1, 3, 27, 28, 29, 30, 31, 32, 33, 34, 35, 36, 37, 38, 39, 40, 41, 42, 43, 44, 45, 46, 47, 48], "summary": {"covered_lines": 24, "num_statements": 24, "percent_covered": 100.0, "percent_covered_display": "100.00", "missing_lines": 0, "excluded_lines": 0, "percent_statements_covered": 100.0, "percent_statements_covered_display": "100.00"}, "missing_lines": [], "excluded_lines": [], "start_line": 1}}, "classes": {"": {"executed_lines": [1, 3, 27, 28, 29, 30, 31, 32, 33, 34, 35, 36, 37, 38, 39, 40, 41, 42, 43, 44, 45, 46, 47, 48], "summary": {"covered_lines": 24, "num_statements": 24, "percent_covered": 100.0, "percent_covered_display": "100.00", "missing_lines": 0, "excluded_lines": 0, "percent_statements_covered": 100.0, "percent_statements_covered_display": "100.00"}, "missing_lines": [], "excluded_lines": [], "start_line": 1}}}, "app\\api\\v1\\endpoints\\__init__.py": {"executed_lines": [], "summary": {"covered_lines": 0, "num_statements": 0, "percent_covered": 100.0, "percent_covered_display": "100.00", "missing_lines": 0, "excluded_lines": 0, "percent_statements_covered": 100.0, "percent_statements_covered_display": "100.00"}, "missing_lines": [], "excluded_lines": [], "functions": {"": {"executed_lines": [], "summary": {"covered_lines": 0, "num_statements": 0, "percent_covered": 100.0, "percent_covered_display": "100.00", "missing_lines": 0, "excluded_lines": 0, "percent_statements_covered": 100.0, "percent_statements_covered_display": "100.00"}, "missing_lines": [], "excluded_lines": [], "start_line": 1}}, "classes": {"": {"executed_lines": [], "summary": {"covered_lines": 0, "num_statements": 0, "percent_covered": 100.0, "percent_covered_display": "100.00", "missing_lines": 0, "excluded_lines": 0, "percent_statements_covered": 100.0, "percent_statements_covered_display": "100.00"}, "missing_lines": [], "excluded_lines": [], "start_line": 1}}}, "app\\api\\v1\\endpoints\\auth.py": {"executed_lines": [1, 2, 4, 5, 6, 7, 8, 9, 11, 12, 13, 14, 15, 16, 17, 19, 22, 23, 31, 44, 58, 59, 93, 94, 102, 103, 134, 135, 189, 190, 220, 221, 254, 255], "summary": {"covered_lines": 34, "num_statements": 113, "percent_covered": 30.088495575221238, "percent_covered_display": "30.09", "missing_lines": 79, "excluded_lines": 0, "percent_statements_covered": 30.088495575221238, "percent_statements_covered_display": "30.09"}, "missing_lines": [36, 37, 38, 39, 41, 42, 67, 68, 69, 71, 72, 73, 74, 75, 77, 78, 84, 86, 98, 99, 110, 113, 114, 117, 120, 121, 122, 125, 131, 145, 146, 147, 150, 151, 152, 155, 156, 158, 160, 161, 162, 164, 165, 166, 169, 172, 173, 175, 178, 181, 186, 201, 202, 205, 206, 209, 212, 217, 229, 230, 231, 234, 235, 236, 239, 240, 243, 244, 247, 248, 249, 251, 263, 264, 267, 270, 271, 274, 280], "excluded_lines": [], "functions": {"login_access_token": {"executed_lines": [31, 44], "summary": {"covered_lines": 2, "num_statements": 8, "percent_covered": 25.0, "percent_covered_display": "25.00", "missing_lines": 6, "excluded_lines": 0, "percent_statements_covered": 25.0, "percent_statements_covered_display": "25.00"}, "missing_lines": [36, 37, 38, 39, 41, 42], "excluded_lines": [], "start_line": 23}, "refresh_access_token": {"executed_lines": [], "summary": {"covered_lines": 0, "num_statements": 12, "percent_covered": 0.0, "percent_covered_display": "0.00", "missing_lines": 12, "excluded_lines": 0, "percent_statements_covered": 0.0, "percent_statements_covered_display": "0.00"}, "missing_lines": [67, 68, 69, 71, 72, 73, 74, 75, 77, 78, 84, 86], "excluded_lines": [], "start_line": 59}, "logout": {"executed_lines": [], "summary": {"covered_lines": 0, "num_statements": 2, "percent_covered": 0.0, "percent_covered_display": "0.00", "missing_lines": 2, "excluded_lines": 0, "percent_statements_covered": 0.0, "percent_statements_covered_display": "0.00"}, "missing_lines": [98, 99], "excluded_lines": [], "start_line": 94}, "forgot_password": {"executed_lines": [], "summary": {"covered_lines": 0, "num_statements": 9, "percent_covered": 0.0, "percent_covered_display": "0.00", "missing_lines": 9, "excluded_lines": 0, "percent_statements_covered": 0.0, "percent_statements_covered_display": "0.00"}, "missing_lines": [110, 113, 114, 117, 120, 121, 122, 125, 131], "excluded_lines": [], "start_line": 103}, "reset_password": {"executed_lines": [], "summary": {"covered_lines": 0, "num_statements": 22, "percent_covered": 0.0, "percent_covered_display": "0.00", "missing_lines": 22, "excluded_lines": 0, "percent_statements_covered": 0.0, "percent_statements_covered_display": "0.00"}, "missing_lines": [145, 146, 147, 150, 151, 152, 155, 156, 158, 160, 161, 162, 164, 165, 166, 169, 172, 173, 175, 178, 181, 186], "excluded_lines": [], "start_line": 135}, "change_password": {"executed_lines": [], "summary": {"covered_lines": 0, "num_statements": 7, "percent_covered": 0.0, "percent_covered_display": "0.00", "missing_lines": 7, "excluded_lines": 0, "percent_statements_covered": 0.0, "percent_statements_covered_display": "0.00"}, "missing_lines": [201, 202, 205, 206, 209, 212, 217], "excluded_lines": [], "start_line": 190}, "verify_email": {"executed_lines": [], "summary": {"covered_lines": 0, "num_statements": 14, "percent_covered": 0.0, "percent_covered_display": "0.00", "missing_lines": 14, "excluded_lines": 0, "percent_statements_covered": 0.0, "percent_statements_covered_display": "0.00"}, "missing_lines": [229, 230, 231, 234, 235, 236, 239, 240, 243, 244, 247, 248, 249, 251], "excluded_lines": [], "start_line": 221}, "resend_verification_email": {"executed_lines": [], "summary": {"covered_lines": 0, "num_statements": 7, "percent_covered": 0.0, "percent_covered_display": "0.00", "missing_lines": 7, "excluded_lines": 0, "percent_statements_covered": 0.0, "percent_statements_covered_display": "0.00"}, "missing_lines": [263, 264, 267, 270, 271, 274, 280], "excluded_lines": [], "start_line": 255}, "": {"executed_lines": [1, 2, 4, 5, 6, 7, 8, 9, 11, 12, 13, 14, 15, 16, 17, 19, 22, 23, 58, 59, 93, 94, 102, 103, 134, 135, 189, 190, 220, 221, 254, 255], "summary": {"covered_lines": 32, "num_statements": 32, "percent_covered": 100.0, "percent_covered_display": "100.00", "missing_lines": 0, "excluded_lines": 0, "percent_statements_covered": 100.0, "percent_statements_covered_display": "100.00"}, "missing_lines": [], "excluded_lines": [], "start_line": 1}}, "classes": {"": {"executed_lines": [1, 2, 4, 5, 6, 7, 8, 9, 11, 12, 13, 14, 15, 16, 17, 19, 22, 23, 31, 44, 58, 59, 93, 94, 102, 103, 134, 135, 189, 190, 220, 221, 254, 255], "summary": {"covered_lines": 34, "num_statements": 113, "percent_covered": 30.088495575221238, "percent_covered_display": "30.09", "missing_lines": 79, "excluded_lines": 0, "percent_statements_covered": 30.088495575221238, "percent_statements_covered_display": "30.09"}, "missing_lines": [36, 37, 38, 39, 41, 42, 67, 68, 69, 71, 72, 73, 74, 75, 77, 78, 84, 86, 98, 99, 110, 113, 114, 117, 120, 121, 122, 125, 131, 145, 146, 147, 150, 151, 152, 155, 156, 158, 160, 161, 162, 164, 165, 166, 169, 172, 173, 175, 178, 181, 186, 201, 202, 205, 206, 209, 212, 217, 229, 230, 231, 234, 235, 236, 239, 240, 243, 244, 247, 248, 249, 251, 263, 264, 267, 270, 271, 274, 280], "excluded_lines": [], "start_line": 1}}}, "app\\api\\v1\\endpoints\\chat.py": {"executed_lines": [1, 2, 3, 4, 6, 7, 8, 9, 11, 12, 13, 14, 15, 16, 17, 18, 19, 20, 22, 23, 26, 27, 28, 29, 30, 31, 32, 35, 36, 91, 92, 95, 96, 156, 157, 178, 179], "summary": {"covered_lines": 37, "num_statements": 78, "percent_covered": 47.43589743589744, "percent_covered_display": "47.44", "missing_lines": 41, "excluded_lines": 0, "percent_statements_covered": 47.43589743589744, "percent_statements_covered_display": "47.44"}, "missing_lines": [40, 68, 70, 72, 74, 75, 82, 83, 86, 87, 88, 102, 103, 104, 107, 110, 111, 119, 125, 131, 142, 153, 165, 166, 167, 169, 206, 208, 210, 211, 212, 215, 218, 227, 228, 239, 246, 247, 248, 249, 250], "excluded_lines": [], "functions": {"generate_objectives": {"executed_lines": [], "summary": {"covered_lines": 0, "num_statements": 11, "percent_covered": 0.0, "percent_covered_display": "0.00", "missing_lines": 11, "excluded_lines": 0, "percent_statements_covered": 0.0, "percent_statements_covered_display": "0.00"}, "missing_lines": [40, 68, 70, 72, 74, 75, 82, 83, 86, 87, 88], "excluded_lines": [], "start_line": 36}, "chat_with_dweller": {"executed_lines": [], "summary": {"covered_lines": 0, "num_statements": 11, "percent_covered": 0.0, "percent_covered_display": "0.00", "missing_lines": 11, "excluded_lines": 0, "percent_statements_covered": 0.0, "percent_statements_covered_display": "0.00"}, "missing_lines": [102, 103, 104, 107, 110, 111, 119, 125, 131, 142, 153], "excluded_lines": [], "start_line": 96}, "get_chat_history": {"executed_lines": [], "summary": {"covered_lines": 0, "num_statements": 4, "percent_covered": 0.0, "percent_covered_display": "0.00", "missing_lines": 4, "excluded_lines": 0, "percent_statements_covered": 0.0, "percent_statements_covered_display": "0.00"}, "missing_lines": [165, 166, 167, 169], "excluded_lines": [], "start_line": 157}, "voice_chat_with_dweller": {"executed_lines": [], "summary": {"covered_lines": 0, "num_statements": 15, "percent_covered": 0.0, "percent_covered_display": "0.00", "missing_lines": 15, "excluded_lines": 0, "percent_statements_covered": 0.0, "percent_statements_covered_display": "0.00"}, "missing_lines": [206, 208, 210, 211, 212, 215, 218, 227, 228, 239, 246, 247, 248, 249, 250], "excluded_lines": [], "start_line": 179}, "": {"executed_lines": [1, 2, 3, 4, 6, 7, 8, 9, 11, 12, 13, 14, 15, 16, 17, 18, 19, 20, 22, 23, 26, 27, 28, 29, 30, 31, 32, 35, 36, 91, 92, 95, 96, 156, 157, 178, 179], "summary": {"covered_lines": 37, "num_statements": 37, "percent_covered": 100.0, "percent_covered_display": "100.00", "missing_lines": 0, "excluded_lines": 0, "percent_statements_covered": 100.0, "percent_statements_covered_display": "100.00"}, "missing_lines": [], "excluded_lines": [], "start_line": 1}}, "classes": {"ObjectiveKindEnum": {"executed_lines": [], "summary": {"covered_lines": 0, "num_statements": 0, "percent_covered": 100.0, "percent_covered_display": "100.00", "missing_lines": 0, "excluded_lines": 0, "percent_statements_covered": 100.0, "percent_statements_covered_display": "100.00"}, "missing_lines": [], "excluded_lines": [], "start_line": 26}, "ChatMessage": {"executed_lines": [], "summary": {"covered_lines": 0, "num_statements": 0, "percent_covered": 100.0, "percent_covered_display": "100.00", "missing_lines": 0, "excluded_lines": 0, "percent_statements_covered": 100.0, "percent_statements_covered_display": "100.00"}, "missing_lines": [], "excluded_lines": [], "start_line": 91}, "": {"executed_lines": [1, 2, 3, 4, 6, 7, 8, 9, 11, 12, 13, 14, 15, 16, 17, 18, 19, 20, 22, 23, 26, 27, 28, 29, 30, 31, 32, 35, 36, 91, 92, 95, 96, 156, 157, 178, 179], "summary": {"covered_lines": 37, "num_statements": 78, "percent_covered": 47.43589743589744, "percent_covered_display": "47.44", "missing_lines": 41, "excluded_lines": 0, "percent_statements_covered": 47.43589743589744, "percent_statements_covered_display": "47.44"}, "missing_lines": [40, 68, 70, 72, 74, 75, 82, 83, 86, 87, 88, 102, 103, 104, 107, 110, 111, 119, 125, 131, 142, 153, 165, 166, 167, 169, 206, 208, 210, 211, 212, 215, 218, 227, 228, 239, 246, 247, 248, 249, 250], "excluded_lines": [], "start_line": 1}}}, "app\\api\\v1\\endpoints\\dweller.py": {"executed_lines": [1, 3, 4, 5, 7, 8, 9, 10, 11, 12, 26, 28, 31, 32, 40, 41, 51, 52, 61, 62, 91, 92, 106, 107, 132, 133, 143, 144, 154, 155, 163, 164, 172, 173, 181, 182, 191, 192, 203, 204, 222, 223, 227, 228, 238, 239, 249, 250, 262, 263, 278, 279, 304, 305, 318, 319, 349, 350, 382, 383, 395, 396, 410, 411], "summary": {"covered_lines": 64, "num_statements": 139, "percent_covered": 46.0431654676259, "percent_covered_display": "46.04", "missing_lines": 75, "excluded_lines": 0, "percent_statements_covered": 46.0431654676259, "percent_statements_covered_display": "46.04"}, "missing_lines": [37, 48, 57, 58, 68, 70, 73, 75, 77, 80, 81, 82, 83, 84, 86, 88, 102, 103, 119, 120, 139, 140, 150, 151, 160, 169, 178, 188, 198, 212, 224, 234, 235, 245, 246, 256, 258, 259, 269, 270, 287, 289, 290, 295, 296, 297, 298, 299, 301, 313, 314, 315, 325, 327, 328, 330, 331, 333, 335, 336, 338, 356, 358, 361, 362, 365, 368, 370, 391, 392, 405, 406, 407, 421, 422], "excluded_lines": [], "functions": {"create_dweller": {"executed_lines": [], "summary": {"covered_lines": 0, "num_statements": 1, "percent_covered": 0.0, "percent_covered_display": "0.00", "missing_lines": 1, "excluded_lines": 0, "percent_statements_covered": 0.0, "percent_statements_covered_display": "0.00"}, "missing_lines": [37], "excluded_lines": [], "start_line": 32}, "read_dweller_list": {"executed_lines": [], "summary": {"covered_lines": 0, "num_statements": 1, "percent_covered": 0.0, "percent_covered_display": "0.00", "missing_lines": 1, "excluded_lines": 0, "percent_statements_covered": 0.0, "percent_statements_covered_display": "0.00"}, "missing_lines": [48], "excluded_lines": [], "start_line": 41}, "read_dweller": {"executed_lines": [], "summary": {"covered_lines": 0, "num_statements": 2, "percent_covered": 0.0, "percent_covered_display": "0.00", "missing_lines": 2, "excluded_lines": 0, "percent_statements_covered": 0.0, "percent_statements_covered_display": "0.00"}, "missing_lines": [57, 58], "excluded_lines": [], "start_line": 52}, "update_dweller": {"executed_lines": [], "summary": {"covered_lines": 0, "num_statements": 12, "percent_covered": 0.0, "percent_covered_display": "0.00", "missing_lines": 12, "excluded_lines": 0, "percent_statements_covered": 0.0, "percent_statements_covered_display": "0.00"}, "missing_lines": [68, 70, 73, 75, 77, 80, 81, 82, 83, 84, 86, 88], "excluded_lines": [], "start_line": 62}, "delete_dweller": {"executed_lines": [], "summary": {"covered_lines": 0, "num_statements": 2, "percent_covered": 0.0, "percent_covered_display": "0.00", "missing_lines": 2, "excluded_lines": 0, "percent_statements_covered": 0.0, "percent_statements_covered_display": "0.00"}, "missing_lines": [102, 103], "excluded_lines": [], "start_line": 92}, "read_dwellers_by_vault": {"executed_lines": [], "summary": {"covered_lines": 0, "num_statements": 2, "percent_covered": 0.0, "percent_covered_display": "0.00", "missing_lines": 2, "excluded_lines": 0, "percent_statements_covered": 0.0, "percent_statements_covered_display": "0.00"}, "missing_lines": [119, 120], "excluded_lines": [], "start_line": 107}, "move_dweller_to_room": {"executed_lines": [], "summary": {"covered_lines": 0, "num_statements": 2, "percent_covered": 0.0, "percent_covered_display": "0.00", "missing_lines": 2, "excluded_lines": 0, "percent_statements_covered": 0.0, "percent_statements_covered_display": "0.00"}, "missing_lines": [139, 140], "excluded_lines": [], "start_line": 133}, "create_random_common_dweller": {"executed_lines": [], "summary": {"covered_lines": 0, "num_statements": 2, "percent_covered": 0.0, "percent_covered_display": "0.00", "missing_lines": 2, "excluded_lines": 0, "percent_statements_covered": 0.0, "percent_statements_covered_display": "0.00"}, "missing_lines": [150, 151], "excluded_lines": [], "start_line": 144}, "generate_backstory": {"executed_lines": [], "summary": {"covered_lines": 0, "num_statements": 1, "percent_covered": 0.0, "percent_covered_display": "0.00", "missing_lines": 1, "excluded_lines": 0, "percent_statements_covered": 0.0, "percent_statements_covered_display": "0.00"}, "missing_lines": [160], "excluded_lines": [], "start_line": 155}, "generate_visual_attributes": {"executed_lines": [], "summary": {"covered_lines": 0, "num_statements": 1, "percent_covered": 0.0, "percent_covered_display": "0.00", "missing_lines": 1, "excluded_lines": 0, "percent_statements_covered": 0.0, "percent_statements_covered_display": "0.00"}, "missing_lines": [169], "excluded_lines": [], "start_line": 164}, "generate_photo": {"executed_lines": [], "summary": {"covered_lines": 0, "num_statements": 1, "percent_covered": 0.0, "percent_covered_display": "0.00", "missing_lines": 1, "excluded_lines": 0, "percent_statements_covered": 0.0, "percent_statements_covered_display": "0.00"}, "missing_lines": [178], "excluded_lines": [], "start_line": 173}, "generate_audio": {"executed_lines": [], "summary": {"covered_lines": 0, "num_statements": 1, "percent_covered": 0.0, "percent_covered_display": "0.00", "missing_lines": 1, "excluded_lines": 0, "percent_statements_covered": 0.0, "percent_statements_covered_display": "0.00"}, "missing_lines": [188], "excluded_lines": [], "start_line": 182}, "generate_data_with_ai": {"executed_lines": [], "summary": {"covered_lines": 0, "num_statements": 1, "percent_covered": 0.0, "percent_covered_display": "0.00", "missing_lines": 1, "excluded_lines": 0, "percent_statements_covered": 0.0, "percent_statements_covered_display": "0.00"}, "missing_lines": [198], "excluded_lines": [], "start_line": 192}, "generate_dweller_avatar": {"executed_lines": [], "summary": {"covered_lines": 0, "num_statements": 1, "percent_covered": 0.0, "percent_covered_display": "0.00", "missing_lines": 1, "excluded_lines": 0, "percent_statements_covered": 0.0, "percent_statements_covered_display": "0.00"}, "missing_lines": [212], "excluded_lines": [], "start_line": 204}, "read_dwellers_data": {"executed_lines": [], "summary": {"covered_lines": 0, "num_statements": 1, "percent_covered": 0.0, "percent_covered_display": "0.00", "missing_lines": 1, "excluded_lines": 0, "percent_statements_covered": 0.0, "percent_statements_covered_display": "0.00"}, "missing_lines": [224], "excluded_lines": [], "start_line": 223}, "use_stimpack": {"executed_lines": [], "summary": {"covered_lines": 0, "num_statements": 2, "percent_covered": 0.0, "percent_covered_display": "0.00", "missing_lines": 2, "excluded_lines": 0, "percent_statements_covered": 0.0, "percent_statements_covered_display": "0.00"}, "missing_lines": [234, 235], "excluded_lines": [], "start_line": 228}, "use_radaway": {"executed_lines": [], "summary": {"covered_lines": 0, "num_statements": 2, "percent_covered": 0.0, "percent_covered_display": "0.00", "missing_lines": 2, "excluded_lines": 0, "percent_statements_covered": 0.0, "percent_statements_covered_display": "0.00"}, "missing_lines": [245, 246], "excluded_lines": [], "start_line": 239}, "get_happiness_modifiers": {"executed_lines": [], "summary": {"covered_lines": 0, "num_statements": 3, "percent_covered": 0.0, "percent_covered_display": "0.00", "missing_lines": 3, "excluded_lines": 0, "percent_statements_covered": 0.0, "percent_statements_covered_display": "0.00"}, "missing_lines": [256, 258, 259], "excluded_lines": [], "start_line": 250}, "auto_assign_to_room": {"executed_lines": [], "summary": {"covered_lines": 0, "num_statements": 2, "percent_covered": 0.0, "percent_covered_display": "0.00", "missing_lines": 2, "excluded_lines": 0, "percent_statements_covered": 0.0, "percent_statements_covered_display": "0.00"}, "missing_lines": [269, 270], "excluded_lines": [], "start_line": 263}, "get_dead_dwellers": {"executed_lines": [], "summary": {"covered_lines": 0, "num_statements": 9, "percent_covered": 0.0, "percent_covered_display": "0.00", "missing_lines": 9, "excluded_lines": 0, "percent_statements_covered": 0.0, "percent_statements_covered_display": "0.00"}, "missing_lines": [287, 289, 290, 295, 296, 297, 298, 299, 301], "excluded_lines": [], "start_line": 279}, "get_graveyard": {"executed_lines": [], "summary": {"covered_lines": 0, "num_statements": 3, "percent_covered": 0.0, "percent_covered_display": "0.00", "missing_lines": 3, "excluded_lines": 0, "percent_statements_covered": 0.0, "percent_statements_covered_display": "0.00"}, "missing_lines": [313, 314, 315], "excluded_lines": [], "start_line": 305}, "get_revival_cost": {"executed_lines": [], "summary": {"covered_lines": 0, "num_statements": 9, "percent_covered": 0.0, "percent_covered_display": "0.00", "missing_lines": 9, "excluded_lines": 0, "percent_statements_covered": 0.0, "percent_statements_covered_display": "0.00"}, "missing_lines": [325, 327, 328, 330, 331, 333, 335, 336, 338], "excluded_lines": [], "start_line": 319}, "revive_dweller": {"executed_lines": [], "summary": {"covered_lines": 0, "num_statements": 7, "percent_covered": 0.0, "percent_covered_display": "0.00", "missing_lines": 7, "excluded_lines": 0, "percent_statements_covered": 0.0, "percent_statements_covered_display": "0.00"}, "missing_lines": [356, 358, 361, 362, 365, 368, 370], "excluded_lines": [], "start_line": 350}, "soft_delete_dweller": {"executed_lines": [], "summary": {"covered_lines": 0, "num_statements": 2, "percent_covered": 0.0, "percent_covered_display": "0.00", "missing_lines": 2, "excluded_lines": 0, "percent_statements_covered": 0.0, "percent_statements_covered_display": "0.00"}, "missing_lines": [391, 392], "excluded_lines": [], "start_line": 383}, "restore_dweller": {"executed_lines": [], "summary": {"covered_lines": 0, "num_statements": 3, "percent_covered": 0.0, "percent_covered_display": "0.00", "missing_lines": 3, "excluded_lines": 0, "percent_statements_covered": 0.0, "percent_statements_covered_display": "0.00"}, "missing_lines": [405, 406, 407], "excluded_lines": [], "start_line": 396}, "read_deleted_dwellers_by_vault": {"executed_lines": [], "summary": {"covered_lines": 0, "num_statements": 2, "percent_covered": 0.0, "percent_covered_display": "0.00", "missing_lines": 2, "excluded_lines": 0, "percent_statements_covered": 0.0, "percent_statements_covered_display": "0.00"}, "missing_lines": [421, 422], "excluded_lines": [], "start_line": 411}, "": {"executed_lines": [1, 3, 4, 5, 7, 8, 9, 10, 11, 12, 26, 28, 31, 32, 40, 41, 51, 52, 61, 62, 91, 92, 106, 107, 132, 133, 143, 144, 154, 155, 163, 164, 172, 173, 181, 182, 191, 192, 203, 204, 222, 223, 227, 228, 238, 239, 249, 250, 262, 263, 278, 279, 304, 305, 318, 319, 349, 350, 382, 383, 395, 396, 410, 411], "summary": {"covered_lines": 64, "num_statements": 64, "percent_covered": 100.0, "percent_covered_display": "100.00", "missing_lines": 0, "excluded_lines": 0, "percent_statements_covered": 100.0, "percent_statements_covered_display": "100.00"}, "missing_lines": [], "excluded_lines": [], "start_line": 1}}, "classes": {"": {"executed_lines": [1, 3, 4, 5, 7, 8, 9, 10, 11, 12, 26, 28, 31, 32, 40, 41, 51, 52, 61, 62, 91, 92, 106, 107, 132, 133, 143, 144, 154, 155, 163, 164, 172, 173, 181, 182, 191, 192, 203, 204, 222, 223, 227, 228, 238, 239, 249, 250, 262, 263, 278, 279, 304, 305, 318, 319, 349, 350, 382, 383, 395, 396, 410, 411], "summary": {"covered_lines": 64, "num_statements": 139, "percent_covered": 46.0431654676259, "percent_covered_display": "46.04", "missing_lines": 75, "excluded_lines": 0, "percent_statements_covered": 46.0431654676259, "percent_statements_covered_display": "46.04"}, "missing_lines": [37, 48, 57, 58, 68, 70, 73, 75, 77, 80, 81, 82, 83, 84, 86, 88, 102, 103, 119, 120, 139, 140, 150, 151, 160, 169, 178, 188, 198, 212, 224, 234, 235, 245, 246, 256, 258, 259, 269, 270, 287, 289, 290, 295, 296, 297, 298, 299, 301, 313, 314, 315, 325, 327, 328, 330, 331, 333, 335, 336, 338, 356, 358, 361, 362, 365, 368, 370, 391, 392, 405, 406, 407, 421, 422], "excluded_lines": [], "start_line": 1}}}, "app\\api\\v1\\endpoints\\exploration.py": {"executed_lines": [3, 5, 6, 7, 9, 10, 11, 12, 19, 21, 24, 25, 46, 47, 70, 71, 81, 82, 92, 93, 110, 111, 128, 129], "summary": {"covered_lines": 24, "num_statements": 55, "percent_covered": 43.63636363636363, "percent_covered_display": "43.64", "missing_lines": 31, "excluded_lines": 0, "percent_statements_covered": 43.63636363636363, "percent_statements_covered_display": "43.64"}, "missing_lines": [32, 33, 34, 42, 43, 54, 55, 56, 62, 67, 77, 78, 88, 89, 99, 100, 101, 102, 106, 107, 117, 118, 119, 120, 124, 125, 135, 136, 137, 138, 139], "excluded_lines": [], "functions": {"send_dweller_to_wasteland": {"executed_lines": [], "summary": {"covered_lines": 0, "num_statements": 5, "percent_covered": 0.0, "percent_covered_display": "0.00", "missing_lines": 5, "excluded_lines": 0, "percent_statements_covered": 0.0, "percent_statements_covered_display": "0.00"}, "missing_lines": [32, 33, 34, 42, 43], "excluded_lines": [], "start_line": 25}, "list_explorations_by_vault": {"executed_lines": [], "summary": {"covered_lines": 0, "num_statements": 5, "percent_covered": 0.0, "percent_covered_display": "0.00", "missing_lines": 5, "excluded_lines": 0, "percent_statements_covered": 0.0, "percent_statements_covered_display": "0.00"}, "missing_lines": [54, 55, 56, 62, 67], "excluded_lines": [], "start_line": 47}, "get_exploration": {"executed_lines": [], "summary": {"covered_lines": 0, "num_statements": 2, "percent_covered": 0.0, "percent_covered_display": "0.00", "missing_lines": 2, "excluded_lines": 0, "percent_statements_covered": 0.0, "percent_statements_covered_display": "0.00"}, "missing_lines": [77, 78], "excluded_lines": [], "start_line": 71}, "get_exploration_progress": {"executed_lines": [], "summary": {"covered_lines": 0, "num_statements": 2, "percent_covered": 0.0, "percent_covered_display": "0.00", "missing_lines": 2, "excluded_lines": 0, "percent_statements_covered": 0.0, "percent_statements_covered_display": "0.00"}, "missing_lines": [88, 89], "excluded_lines": [], "start_line": 82}, "recall_dweller": {"executed_lines": [], "summary": {"covered_lines": 0, "num_statements": 6, "percent_covered": 0.0, "percent_covered_display": "0.00", "missing_lines": 6, "excluded_lines": 0, "percent_statements_covered": 0.0, "percent_statements_covered_display": "0.00"}, "missing_lines": [99, 100, 101, 102, 106, 107], "excluded_lines": [], "start_line": 93}, "complete_exploration": {"executed_lines": [], "summary": {"covered_lines": 0, "num_statements": 6, "percent_covered": 0.0, "percent_covered_display": "0.00", "missing_lines": 6, "excluded_lines": 0, "percent_statements_covered": 0.0, "percent_statements_covered_display": "0.00"}, "missing_lines": [117, 118, 119, 120, 124, 125], "excluded_lines": [], "start_line": 111}, "generate_event": {"executed_lines": [], "summary": {"covered_lines": 0, "num_statements": 5, "percent_covered": 0.0, "percent_covered_display": "0.00", "missing_lines": 5, "excluded_lines": 0, "percent_statements_covered": 0.0, "percent_statements_covered_display": "0.00"}, "missing_lines": [135, 136, 137, 138, 139], "excluded_lines": [], "start_line": 129}, "": {"executed_lines": [3, 5, 6, 7, 9, 10, 11, 12, 19, 21, 24, 25, 46, 47, 70, 71, 81, 82, 92, 93, 110, 111, 128, 129], "summary": {"covered_lines": 24, "num_statements": 24, "percent_covered": 100.0, "percent_covered_display": "100.00", "missing_lines": 0, "excluded_lines": 0, "percent_statements_covered": 100.0, "percent_statements_covered_display": "100.00"}, "missing_lines": [], "excluded_lines": [], "start_line": 1}}, "classes": {"": {"executed_lines": [3, 5, 6, 7, 9, 10, 11, 12, 19, 21, 24, 25, 46, 47, 70, 71, 81, 82, 92, 93, 110, 111, 128, 129], "summary": {"covered_lines": 24, "num_statements": 55, "percent_covered": 43.63636363636363, "percent_covered_display": "43.64", "missing_lines": 31, "excluded_lines": 0, "percent_statements_covered": 43.63636363636363, "percent_statements_covered_display": "43.64"}, "missing_lines": [32, 33, 34, 42, 43, 54, 55, 56, 62, 67, 77, 78, 88, 89, 99, 100, 101, 102, 106, 107, 117, 118, 119, 120, 124, 125, 135, 136, 137, 138, 139], "excluded_lines": [], "start_line": 1}}}, "app\\api\\v1\\endpoints\\game_control.py": {"executed_lines": [3, 5, 6, 7, 9, 10, 11, 12, 13, 14, 15, 17, 20, 21, 66, 67, 92, 93, 118, 119, 137, 138, 175, 176, 215, 216, 247, 248, 281, 282, 329, 330, 354, 355], "summary": {"covered_lines": 34, "num_statements": 125, "percent_covered": 27.2, "percent_covered_display": "27.20", "missing_lines": 91, "excluded_lines": 0, "percent_statements_covered": 27.2, "percent_statements_covered_display": "27.20"}, "missing_lines": [31, 75, 76, 77, 79, 80, 82, 84, 101, 102, 103, 105, 106, 108, 110, 127, 128, 129, 131, 132, 134, 146, 147, 148, 150, 151, 153, 155, 185, 186, 187, 189, 190, 192, 193, 194, 196, 231, 232, 233, 235, 236, 239, 241, 263, 264, 265, 267, 268, 271, 272, 273, 275, 276, 277, 278, 294, 297, 298, 299, 301, 302, 305, 306, 307, 308, 309, 310, 315, 317, 318, 320, 338, 339, 340, 342, 343, 345, 347, 364, 365, 366, 368, 369, 372, 373, 374, 376, 378, 379, 381], "excluded_lines": [], "functions": {"get_game_balance_settings": {"executed_lines": [], "summary": {"covered_lines": 0, "num_statements": 1, "percent_covered": 0.0, "percent_covered_display": "0.00", "missing_lines": 1, "excluded_lines": 0, "percent_statements_covered": 0.0, "percent_statements_covered_display": "0.00"}, "missing_lines": [31], "excluded_lines": [], "start_line": 21}, "pause_vault": {"executed_lines": [], "summary": {"covered_lines": 0, "num_statements": 7, "percent_covered": 0.0, "percent_covered_display": "0.00", "missing_lines": 7, "excluded_lines": 0, "percent_statements_covered": 0.0, "percent_statements_covered_display": "0.00"}, "missing_lines": [75, 76, 77, 79, 80, 82, 84], "excluded_lines": [], "start_line": 67}, "resume_vault": {"executed_lines": [], "summary": {"covered_lines": 0, "num_statements": 7, "percent_covered": 0.0, "percent_covered_display": "0.00", "missing_lines": 7, "excluded_lines": 0, "percent_statements_covered": 0.0, "percent_statements_covered_display": "0.00"}, "missing_lines": [101, 102, 103, 105, 106, 108, 110], "excluded_lines": [], "start_line": 93}, "get_game_state": {"executed_lines": [], "summary": {"covered_lines": 0, "num_statements": 6, "percent_covered": 0.0, "percent_covered_display": "0.00", "missing_lines": 6, "excluded_lines": 0, "percent_statements_covered": 0.0, "percent_statements_covered_display": "0.00"}, "missing_lines": [127, 128, 129, 131, 132, 134], "excluded_lines": [], "start_line": 119}, "list_incidents": {"executed_lines": [], "summary": {"covered_lines": 0, "num_statements": 7, "percent_covered": 0.0, "percent_covered_display": "0.00", "missing_lines": 7, "excluded_lines": 0, "percent_statements_covered": 0.0, "percent_statements_covered_display": "0.00"}, "missing_lines": [146, 147, 148, 150, 151, 153, 155], "excluded_lines": [], "start_line": 138}, "get_incident": {"executed_lines": [], "summary": {"covered_lines": 0, "num_statements": 9, "percent_covered": 0.0, "percent_covered_display": "0.00", "missing_lines": 9, "excluded_lines": 0, "percent_statements_covered": 0.0, "percent_statements_covered_display": "0.00"}, "missing_lines": [185, 186, 187, 189, 190, 192, 193, 194, 196], "excluded_lines": [], "start_line": 176}, "manual_tick": {"executed_lines": [], "summary": {"covered_lines": 0, "num_statements": 7, "percent_covered": 0.0, "percent_covered_display": "0.00", "missing_lines": 7, "excluded_lines": 0, "percent_statements_covered": 0.0, "percent_statements_covered_display": "0.00"}, "missing_lines": [231, 232, 233, 235, 236, 239, 241], "excluded_lines": [], "start_line": 216}, "resolve_incident": {"executed_lines": [], "summary": {"covered_lines": 0, "num_statements": 12, "percent_covered": 0.0, "percent_covered_display": "0.00", "missing_lines": 12, "excluded_lines": 0, "percent_statements_covered": 0.0, "percent_statements_covered_display": "0.00"}, "missing_lines": [263, 264, 265, 267, 268, 271, 272, 273, 275, 276, 277, 278], "excluded_lines": [], "start_line": 248}, "spawn_debug_incident": {"executed_lines": [], "summary": {"covered_lines": 0, "num_statements": 16, "percent_covered": 0.0, "percent_covered_display": "0.00", "missing_lines": 16, "excluded_lines": 0, "percent_statements_covered": 0.0, "percent_statements_covered_display": "0.00"}, "missing_lines": [294, 297, 298, 299, 301, 302, 305, 306, 307, 308, 309, 310, 315, 317, 318, 320], "excluded_lines": [], "start_line": 282}, "delete_all_incidents": {"executed_lines": [], "summary": {"covered_lines": 0, "num_statements": 7, "percent_covered": 0.0, "percent_covered_display": "0.00", "missing_lines": 7, "excluded_lines": 0, "percent_statements_covered": 0.0, "percent_statements_covered_display": "0.00"}, "missing_lines": [338, 339, 340, 342, 343, 345, 347], "excluded_lines": [], "start_line": 330}, "delete_incident": {"executed_lines": [], "summary": {"covered_lines": 0, "num_statements": 12, "percent_covered": 0.0, "percent_covered_display": "0.00", "missing_lines": 12, "excluded_lines": 0, "percent_statements_covered": 0.0, "percent_statements_covered_display": "0.00"}, "missing_lines": [364, 365, 366, 368, 369, 372, 373, 374, 376, 378, 379, 381], "excluded_lines": [], "start_line": 355}, "": {"executed_lines": [3, 5, 6, 7, 9, 10, 11, 12, 13, 14, 15, 17, 20, 21, 66, 67, 92, 93, 118, 119, 137, 138, 175, 176, 215, 216, 247, 248, 281, 282, 329, 330, 354, 355], "summary": {"covered_lines": 34, "num_statements": 34, "percent_covered": 100.0, "percent_covered_display": "100.00", "missing_lines": 0, "excluded_lines": 0, "percent_statements_covered": 100.0, "percent_statements_covered_display": "100.00"}, "missing_lines": [], "excluded_lines": [], "start_line": 1}}, "classes": {"": {"executed_lines": [3, 5, 6, 7, 9, 10, 11, 12, 13, 14, 15, 17, 20, 21, 66, 67, 92, 93, 118, 119, 137, 138, 175, 176, 215, 216, 247, 248, 281, 282, 329, 330, 354, 355], "summary": {"covered_lines": 34, "num_statements": 125, "percent_covered": 27.2, "percent_covered_display": "27.20", "missing_lines": 91, "excluded_lines": 0, "percent_statements_covered": 27.2, "percent_statements_covered_display": "27.20"}, "missing_lines": [31, 75, 76, 77, 79, 80, 82, 84, 101, 102, 103, 105, 106, 108, 110, 127, 128, 129, 131, 132, 134, 146, 147, 148, 150, 151, 153, 155, 185, 186, 187, 189, 190, 192, 193, 194, 196, 231, 232, 233, 235, 236, 239, 241, 263, 264, 265, 267, 268, 271, 272, 273, 275, 276, 277, 278, 294, 297, 298, 299, 301, 302, 305, 306, 307, 308, 309, 310, 315, 317, 318, 320, 338, 339, 340, 342, 343, 345, 347, 364, 365, 366, 368, 369, 372, 373, 374, 376, 378, 379, 381], "excluded_lines": [], "start_line": 1}}}, "app\\api\\v1\\endpoints\\junk.py": {"executed_lines": [1, 3, 4, 5, 7, 8, 9, 10, 12, 15, 16, 20, 21, 27, 28, 32, 33, 39, 40, 44, 45, 49, 50], "summary": {"covered_lines": 23, "num_statements": 30, "percent_covered": 76.66666666666667, "percent_covered_display": "76.67", "missing_lines": 7, "excluded_lines": 0, "percent_statements_covered": 76.66666666666667, "percent_statements_covered_display": "76.67"}, "missing_lines": [17, 24, 29, 36, 41, 46, 51], "excluded_lines": [], "functions": {"create_junk": {"executed_lines": [], "summary": {"covered_lines": 0, "num_statements": 1, "percent_covered": 0.0, "percent_covered_display": "0.00", "missing_lines": 1, "excluded_lines": 0, "percent_statements_covered": 0.0, "percent_statements_covered_display": "0.00"}, "missing_lines": [17], "excluded_lines": [], "start_line": 16}, "read_junk_list": {"executed_lines": [], "summary": {"covered_lines": 0, "num_statements": 1, "percent_covered": 0.0, "percent_covered_display": "0.00", "missing_lines": 1, "excluded_lines": 0, "percent_statements_covered": 0.0, "percent_statements_covered_display": "0.00"}, "missing_lines": [24], "excluded_lines": [], "start_line": 21}, "read_junk": {"executed_lines": [], "summary": {"covered_lines": 0, "num_statements": 1, "percent_covered": 0.0, "percent_covered_display": "0.00", "missing_lines": 1, "excluded_lines": 0, "percent_statements_covered": 0.0, "percent_statements_covered_display": "0.00"}, "missing_lines": [29], "excluded_lines": [], "start_line": 28}, "update_junk": {"executed_lines": [], "summary": {"covered_lines": 0, "num_statements": 1, "percent_covered": 0.0, "percent_covered_display": "0.00", "missing_lines": 1, "excluded_lines": 0, "percent_statements_covered": 0.0, "percent_statements_covered_display": "0.00"}, "missing_lines": [36], "excluded_lines": [], "start_line": 33}, "delete_junk": {"executed_lines": [], "summary": {"covered_lines": 0, "num_statements": 1, "percent_covered": 0.0, "percent_covered_display": "0.00", "missing_lines": 1, "excluded_lines": 0, "percent_statements_covered": 0.0, "percent_statements_covered_display": "0.00"}, "missing_lines": [41], "excluded_lines": [], "start_line": 40}, "sell_junk": {"executed_lines": [], "summary": {"covered_lines": 0, "num_statements": 1, "percent_covered": 0.0, "percent_covered_display": "0.00", "missing_lines": 1, "excluded_lines": 0, "percent_statements_covered": 0.0, "percent_statements_covered_display": "0.00"}, "missing_lines": [46], "excluded_lines": [], "start_line": 45}, "read_junk_data": {"executed_lines": [], "summary": {"covered_lines": 0, "num_statements": 1, "percent_covered": 0.0, "percent_covered_display": "0.00", "missing_lines": 1, "excluded_lines": 0, "percent_statements_covered": 0.0, "percent_statements_covered_display": "0.00"}, "missing_lines": [51], "excluded_lines": [], "start_line": 50}, "": {"executed_lines": [1, 3, 4, 5, 7, 8, 9, 10, 12, 15, 16, 20, 21, 27, 28, 32, 33, 39, 40, 44, 45, 49, 50], "summary": {"covered_lines": 23, "num_statements": 23, "percent_covered": 100.0, "percent_covered_display": "100.00", "missing_lines": 0, "excluded_lines": 0, "percent_statements_covered": 100.0, "percent_statements_covered_display": "100.00"}, "missing_lines": [], "excluded_lines": [], "start_line": 1}}, "classes": {"": {"executed_lines": [1, 3, 4, 5, 7, 8, 9, 10, 12, 15, 16, 20, 21, 27, 28, 32, 33, 39, 40, 44, 45, 49, 50], "summary": {"covered_lines": 23, "num_statements": 30, "percent_covered": 76.66666666666667, "percent_covered_display": "76.67", "missing_lines": 7, "excluded_lines": 0, "percent_statements_covered": 76.66666666666667, "percent_statements_covered_display": "76.67"}, "missing_lines": [17, 24, 29, 36, 41, 46, 51], "excluded_lines": [], "start_line": 1}}}, "app\\api\\v1\\endpoints\\notifications.py": {"executed_lines": [1, 3, 4, 5, 7, 8, 9, 10, 12, 15, 16, 33, 34, 43, 44, 53, 54, 66, 67, 76, 77], "summary": {"covered_lines": 21, "num_statements": 35, "percent_covered": 60.0, "percent_covered_display": "60.00", "missing_lines": 14, "excluded_lines": 0, "percent_statements_covered": 60.0, "percent_statements_covered_display": "60.00"}, "missing_lines": [24, 39, 40, 50, 60, 61, 62, 63, 72, 73, 83, 84, 85, 86], "excluded_lines": [], "functions": {"get_notifications": {"executed_lines": [], "summary": {"covered_lines": 0, "num_statements": 1, "percent_covered": 0.0, "percent_covered_display": "0.00", "missing_lines": 1, "excluded_lines": 0, "percent_statements_covered": 0.0, "percent_statements_covered_display": "0.00"}, "missing_lines": [24], "excluded_lines": [], "start_line": 16}, "get_unread_count": {"executed_lines": [], "summary": {"covered_lines": 0, "num_statements": 2, "percent_covered": 0.0, "percent_covered_display": "0.00", "missing_lines": 2, "excluded_lines": 0, "percent_statements_covered": 0.0, "percent_statements_covered_display": "0.00"}, "missing_lines": [39, 40], "excluded_lines": [], "start_line": 34}, "create_notification": {"executed_lines": [], "summary": {"covered_lines": 0, "num_statements": 1, "percent_covered": 0.0, "percent_covered_display": "0.00", "missing_lines": 1, "excluded_lines": 0, "percent_statements_covered": 0.0, "percent_statements_covered_display": "0.00"}, "missing_lines": [50], "excluded_lines": [], "start_line": 44}, "mark_notification_as_read": {"executed_lines": [], "summary": {"covered_lines": 0, "num_statements": 4, "percent_covered": 0.0, "percent_covered_display": "0.00", "missing_lines": 4, "excluded_lines": 0, "percent_statements_covered": 0.0, "percent_statements_covered_display": "0.00"}, "missing_lines": [60, 61, 62, 63], "excluded_lines": [], "start_line": 54}, "mark_all_notifications_as_read": {"executed_lines": [], "summary": {"covered_lines": 0, "num_statements": 2, "percent_covered": 0.0, "percent_covered_display": "0.00", "missing_lines": 2, "excluded_lines": 0, "percent_statements_covered": 0.0, "percent_statements_covered_display": "0.00"}, "missing_lines": [72, 73], "excluded_lines": [], "start_line": 67}, "dismiss_notification": {"executed_lines": [], "summary": {"covered_lines": 0, "num_statements": 4, "percent_covered": 0.0, "percent_covered_display": "0.00", "missing_lines": 4, "excluded_lines": 0, "percent_statements_covered": 0.0, "percent_statements_covered_display": "0.00"}, "missing_lines": [83, 84, 85, 86], "excluded_lines": [], "start_line": 77}, "": {"executed_lines": [1, 3, 4, 5, 7, 8, 9, 10, 12, 15, 16, 33, 34, 43, 44, 53, 54, 66, 67, 76, 77], "summary": {"covered_lines": 21, "num_statements": 21, "percent_covered": 100.0, "percent_covered_display": "100.00", "missing_lines": 0, "excluded_lines": 0, "percent_statements_covered": 100.0, "percent_statements_covered_display": "100.00"}, "missing_lines": [], "excluded_lines": [], "start_line": 1}}, "classes": {"": {"executed_lines": [1, 3, 4, 5, 7, 8, 9, 10, 12, 15, 16, 33, 34, 43, 44, 53, 54, 66, 67, 76, 77], "summary": {"covered_lines": 21, "num_statements": 35, "percent_covered": 60.0, "percent_covered_display": "60.00", "missing_lines": 14, "excluded_lines": 0, "percent_statements_covered": 60.0, "percent_statements_covered_display": "60.00"}, "missing_lines": [24, 39, 40, 50, 60, 61, 62, 63, 72, 73, 83, 84, 85, 86], "excluded_lines": [], "start_line": 1}}}, "app\\api\\v1\\endpoints\\objective.py": {"executed_lines": [1, 3, 4, 5, 7, 8, 9, 10, 12, 15, 16, 22, 23, 32, 33, 37, 38, 45, 46], "summary": {"covered_lines": 19, "num_statements": 24, "percent_covered": 79.16666666666667, "percent_covered_display": "79.17", "missing_lines": 5, "excluded_lines": 0, "percent_statements_covered": 79.16666666666667, "percent_statements_covered_display": "79.17"}, "missing_lines": [19, 29, 34, 42, 53], "excluded_lines": [], "functions": {"create_objective": {"executed_lines": [], "summary": {"covered_lines": 0, "num_statements": 1, "percent_covered": 0.0, "percent_covered_display": "0.00", "missing_lines": 1, "excluded_lines": 0, "percent_statements_covered": 0.0, "percent_statements_covered_display": "0.00"}, "missing_lines": [19], "excluded_lines": [], "start_line": 16}, "read_objective_list": {"executed_lines": [], "summary": {"covered_lines": 0, "num_statements": 1, "percent_covered": 0.0, "percent_covered_display": "0.00", "missing_lines": 1, "excluded_lines": 0, "percent_statements_covered": 0.0, "percent_statements_covered_display": "0.00"}, "missing_lines": [29], "excluded_lines": [], "start_line": 23}, "read_objective": {"executed_lines": [], "summary": {"covered_lines": 0, "num_statements": 1, "percent_covered": 0.0, "percent_covered_display": "0.00", "missing_lines": 1, "excluded_lines": 0, "percent_statements_covered": 0.0, "percent_statements_covered_display": "0.00"}, "missing_lines": [34], "excluded_lines": [], "start_line": 33}, "complete_objective": {"executed_lines": [], "summary": {"covered_lines": 0, "num_statements": 1, "percent_covered": 0.0, "percent_covered_display": "0.00", "missing_lines": 1, "excluded_lines": 0, "percent_statements_covered": 0.0, "percent_statements_covered_display": "0.00"}, "missing_lines": [42], "excluded_lines": [], "start_line": 38}, "update_objective_progress": {"executed_lines": [], "summary": {"covered_lines": 0, "num_statements": 1, "percent_covered": 0.0, "percent_covered_display": "0.00", "missing_lines": 1, "excluded_lines": 0, "percent_statements_covered": 0.0, "percent_statements_covered_display": "0.00"}, "missing_lines": [53], "excluded_lines": [], "start_line": 46}, "": {"executed_lines": [1, 3, 4, 5, 7, 8, 9, 10, 12, 15, 16, 22, 23, 32, 33, 37, 38, 45, 46], "summary": {"covered_lines": 19, "num_statements": 19, "percent_covered": 100.0, "percent_covered_display": "100.00", "missing_lines": 0, "excluded_lines": 0, "percent_statements_covered": 100.0, "percent_statements_covered_display": "100.00"}, "missing_lines": [], "excluded_lines": [], "start_line": 1}}, "classes": {"": {"executed_lines": [1, 3, 4, 5, 7, 8, 9, 10, 12, 15, 16, 22, 23, 32, 33, 37, 38, 45, 46], "summary": {"covered_lines": 19, "num_statements": 24, "percent_covered": 79.16666666666667, "percent_covered_display": "79.17", "missing_lines": 5, "excluded_lines": 0, "percent_statements_covered": 79.16666666666667, "percent_statements_covered_display": "79.17"}, "missing_lines": [19, 29, 34, 42, 53], "excluded_lines": [], "start_line": 1}}}, "app\\api\\v1\\endpoints\\outfit.py": {"executed_lines": [1, 3, 4, 5, 7, 8, 9, 10, 11, 13, 16, 17, 21, 22, 57, 58, 62, 63, 71, 72, 76, 77, 83, 84, 88, 89, 93, 94, 98, 99], "summary": {"covered_lines": 30, "num_statements": 49, "percent_covered": 61.224489795918366, "percent_covered_display": "61.22", "missing_lines": 19, "excluded_lines": 0, "percent_statements_covered": 61.224489795918366, "percent_statements_covered_display": "61.22"}, "missing_lines": [18, 29, 31, 33, 34, 37, 38, 40, 51, 52, 54, 59, 68, 73, 80, 85, 90, 95, 100], "excluded_lines": [], "functions": {"create_outfit": {"executed_lines": [], "summary": {"covered_lines": 0, "num_statements": 1, "percent_covered": 0.0, "percent_covered_display": "0.00", "missing_lines": 1, "excluded_lines": 0, "percent_statements_covered": 0.0, "percent_statements_covered_display": "0.00"}, "missing_lines": [18], "excluded_lines": [], "start_line": 17}, "read_outfit_list": {"executed_lines": [], "summary": {"covered_lines": 0, "num_statements": 10, "percent_covered": 0.0, "percent_covered_display": "0.00", "missing_lines": 10, "excluded_lines": 0, "percent_statements_covered": 0.0, "percent_statements_covered_display": "0.00"}, "missing_lines": [29, 31, 33, 34, 37, 38, 40, 51, 52, 54], "excluded_lines": [], "start_line": 22}, "read_outfit": {"executed_lines": [], "summary": {"covered_lines": 0, "num_statements": 1, "percent_covered": 0.0, "percent_covered_display": "0.00", "missing_lines": 1, "excluded_lines": 0, "percent_statements_covered": 0.0, "percent_statements_covered_display": "0.00"}, "missing_lines": [59], "excluded_lines": [], "start_line": 58}, "update_outfit": {"executed_lines": [], "summary": {"covered_lin
[...]
ered_display": "0.00"}, "missing_lines": [25, 26, 27, 28, 29], "excluded_lines": [], "start_line": 23}, "": {"executed_lines": [1, 2, 4, 5, 7, 10, 23], "summary": {"covered_lines": 7, "num_statements": 7, "percent_covered": 100.0, "percent_covered_display": "100.00", "missing_lines": 0, "excluded_lines": 0, "percent_statements_covered": 100.0, "percent_statements_covered_display": "100.00"}, "missing_lines": [], "excluded_lines": [], "start_line": 1}}, "classes": {"": {"executed_lines": [1, 2, 4, 5, 7, 10, 23], "summary": {"covered_lines": 7, "num_statements": 20, "percent_covered": 35.0, "percent_covered_display": "35.00", "missing_lines": 13, "excluded_lines": 0, "percent_statements_covered": 35.0, "percent_statements_covered_display": "35.00"}, "missing_lines": [12, 13, 14, 15, 16, 17, 18, 20, 25, 26, 27, 28, 29], "excluded_lines": [], "start_line": 1}}}, "app\\utils\\load_quests.py": {"executed_lines": [1, 2, 3, 5, 7, 10, 34], "summary": {"covered_lines": 7, "num_statements": 31, "percent_covered": 22.580645161290324, "percent_covered_display": "22.58", "missing_lines": 24, "excluded_lines": 6, "percent_statements_covered": 22.580645161290324, "percent_statements_covered_display": "22.58"}, "missing_lines": [20, 21, 22, 23, 24, 27, 30, 31, 45, 47, 48, 50, 52, 53, 54, 56, 57, 58, 59, 60, 63, 64, 66, 67], "excluded_lines": [70, 71, 73, 74, 75, 76], "functions": {"load_quest_chain_from_json": {"executed_lines": [], "summary": {"covered_lines": 0, "num_statements": 8, "percent_covered": 0.0, "percent_covered_display": "0.00", "missing_lines": 8, "excluded_lines": 0, "percent_statements_covered": 0.0, "percent_statements_covered_display": "0.00"}, "missing_lines": [20, 21, 22, 23, 24, 27, 30, 31], "excluded_lines": [], "start_line": 10}, "load_all_quest_chain_files": {"executed_lines": [], "summary": {"covered_lines": 0, "num_statements": 16, "percent_covered": 0.0, "percent_covered_display": "0.00", "missing_lines": 16, "excluded_lines": 0, "percent_statements_covered": 0.0, "percent_statements_covered_display": "0.00"}, "missing_lines": [45, 47, 48, 50, 52, 53, 54, 56, 57, 58, 59, 60, 63, 64, 66, 67], "excluded_lines": [], "start_line": 34}, "": {"executed_lines": [1, 2, 3, 5, 7, 10, 34], "summary": {"covered_lines": 7, "num_statements": 7, "percent_covered": 100.0, "percent_covered_display": "100.00", "missing_lines": 0, "excluded_lines": 6, "percent_statements_covered": 100.0, "percent_statements_covered_display": "100.00"}, "missing_lines": [], "excluded_lines": [70, 71, 73, 74, 75, 76], "start_line": 1}}, "classes": {"": {"executed_lines": [1, 2, 3, 5, 7, 10, 34], "summary": {"covered_lines": 7, "num_statements": 31, "percent_covered": 22.580645161290324, "percent_covered_display": "22.58", "missing_lines": 24, "excluded_lines": 6, "percent_statements_covered": 22.580645161290324, "percent_statements_covered_display": "22.58"}, "missing_lines": [20, 21, 22, 23, 24, 27, 30, 31, 45, 47, 48, 50, 52, 53, 54, 56, 57, 58, 59, 60, 63, 64, 66, 67], "excluded_lines": [70, 71, 73, 74, 75, 76], "start_line": 1}}}, "app\\utils\\partial.py": {"executed_lines": [5, 6, 7, 9, 10, 12, 15, 21, 22, 24, 25, 27, 28, 29, 30, 31, 33, 36, 47], "summary": {"covered_lines": 19, "num_statements": 20, "percent_covered": 95.0, "percent_covered_display": "95.00", "missing_lines": 1, "excluded_lines": 0, "percent_statements_covered": 95.0, "percent_statements_covered_display": "95.00"}, "missing_lines": [34], "excluded_lines": [], "functions": {"optional": {"executed_lines": [21, 22, 24, 47], "summary": {"covered_lines": 4, "num_statements": 4, "percent_covered": 100.0, "percent_covered_display": "100.00", "missing_lines": 0, "excluded_lines": 0, "percent_statements_covered": 100.0, "percent_statements_covered_display": "100.00"}, "missing_lines": [], "excluded_lines": [], "start_line": 15}, "optional.wrapper": {"executed_lines": [25, 27, 33, 36], "summary": {"covered_lines": 4, "num_statements": 5, "percent_covered": 80.0, "percent_covered_display": "80.00", "missing_lines": 1, "excluded_lines": 0, "percent_statements_covered": 80.0, "percent_statements_covered_display": "80.00"}, "missing_lines": [34], "excluded_lines": [], "start_line": 24}, "optional.wrapper.make_field_optional": {"executed_lines": [28, 29, 30, 31], "summary": {"covered_lines": 4, "num_statements": 4, "percent_covered": 100.0, "percent_covered_display": "100.00", "missing_lines": 0, "excluded_lines": 0, "percent_statements_covered": 100.0, "percent_statements_covered_display": "100.00"}, "missing_lines": [], "excluded_lines": [], "start_line": 27}, "": {"executed_lines": [5, 6, 7, 9, 10, 12, 15], "summary": {"covered_lines": 7, "num_statements": 7, "percent_covered": 100.0, "percent_covered_display": "100.00", "missing_lines": 0, "excluded_lines": 0, "percent_statements_covered": 100.0, "percent_statements_covered_display": "100.00"}, "missing_lines": [], "excluded_lines": [], "start_line": 1}}, "classes": {"": {"executed_lines": [5, 6, 7, 9, 10, 12, 15, 21, 22, 24, 25, 27, 28, 29, 30, 31, 33, 36, 47], "summary": {"covered_lines": 19, "num_statements": 20, "percent_covered": 95.0, "percent_covered_display": "95.00", "missing_lines": 1, "excluded_lines": 0, "percent_statements_covered": 95.0, "percent_statements_covered_display": "95.00"}, "missing_lines": [34], "excluded_lines": [], "start_line": 1}}}, "app\\utils\\room_assets.py": {"executed_lines": [1, 2, 4, 7, 37, 44, 46, 57, 86, 123], "summary": {"covered_lines": 10, "num_statements": 39, "percent_covered": 25.641025641025642, "percent_covered_display": "25.64", "missing_lines": 29, "excluded_lines": 0, "percent_statements_covered": 25.641025641025642, "percent_statements_covered_display": "25.64"}, "missing_lines": [60, 61, 62, 65, 66, 67, 68, 71, 72, 73, 74, 77, 78, 79, 80, 83, 101, 102, 105, 106, 107, 110, 111, 114, 115, 118, 119, 120, 128], "excluded_lines": [], "functions": {"_find_image_with_fallback": {"executed_lines": [], "summary": {"covered_lines": 0, "num_statements": 16, "percent_covered": 0.0, "percent_covered_display": "0.00", "missing_lines": 16, "excluded_lines": 0, "percent_statements_covered": 0.0, "percent_statements_covered_display": "0.00"}, "missing_lines": [60, 61, 62, 65, 66, 67, 68, 71, 72, 73, 74, 77, 78, 79, 80, 83], "excluded_lines": [], "start_line": 57}, "get_room_image_url": {"executed_lines": [], "summary": {"covered_lines": 0, "num_statements": 12, "percent_covered": 0.0, "percent_covered_display": "0.00", "missing_lines": 12, "excluded_lines": 0, "percent_statements_covered": 0.0, "percent_statements_covered_display": "0.00"}, "missing_lines": [101, 102, 105, 106, 107, 110, 111, 114, 115, 118, 119, 120], "excluded_lines": [], "start_line": 86}, "get_room_image": {"executed_lines": [], "summary": {"covered_lines": 0, "num_statements": 1, "percent_covered": 0.0, "percent_covered_display": "0.00", "missing_lines": 1, "excluded_lines": 0, "percent_statements_covered": 0.0, "percent_statements_covered_display": "0.00"}, "missing_lines": [128], "excluded_lines": [], "start_line": 123}, "": {"executed_lines": [1, 2, 4, 7, 37, 44, 46, 57, 86, 123], "summary": {"covered_lines": 10, "num_statements": 10, "percent_covered": 100.0, "percent_covered_display": "100.00", "missing_lines": 0, "excluded_lines": 0, "percent_statements_covered": 100.0, "percent_statements_covered_display": "100.00"}, "missing_lines": [], "excluded_lines": [], "start_line": 1}}, "classes": {"": {"executed_lines": [1, 2, 4, 7, 37, 44, 46, 57, 86, 123], "summary": {"covered_lines": 10, "num_statements": 39, "percent_covered": 25.641025641025642, "percent_covered_display": "25.64", "missing_lines": 29, "excluded_lines": 0, "percent_statements_covered": 25.641025641025642, "percent_statements_covered_display": "25.64"}, "missing_lines": [60, 61, 62, 65, 66, 67, 68, 71, 72, 73, 74, 77, 78, 79, 80, 83, 101, 102, 105, 106, 107, 110, 111, 114, 115, 118, 119, 120, 128], "excluded_lines": [], "start_line": 1}}}, "app\\utils\\seed_objectives.py": {"executed_lines": [3, 4, 6, 7, 9, 10, 11, 13, 16], "summary": {"covered_lines": 9, "num_statements": 48, "percent_covered": 18.75, "percent_covered_display": "18.75", "missing_lines": 39, "excluded_lines": 0, "percent_statements_covered": 18.75, "percent_statements_covered_display": "18.75"}, "missing_lines": [27, 28, 29, 31, 32, 33, 36, 37, 38, 39, 41, 42, 43, 44, 45, 47, 48, 49, 50, 51, 53, 56, 57, 60, 61, 62, 63, 67, 68, 69, 71, 72, 73, 75, 76, 77, 78, 79, 80], "excluded_lines": [], "functions": {"seed_objectives_from_json": {"executed_lines": [], "summary": {"covered_lines": 0, "num_statements": 39, "percent_covered": 0.0, "percent_covered_display": "0.00", "missing_lines": 39, "excluded_lines": 0, "percent_statements_covered": 0.0, "percent_statements_covered_display": "0.00"}, "missing_lines": [27, 28, 29, 31, 32, 33, 36, 37, 38, 39, 41, 42, 43, 44, 45, 47, 48, 49, 50, 51, 53, 56, 57, 60, 61, 62, 63, 67, 68, 69, 71, 72, 73, 75, 76, 77, 78, 79, 80], "excluded_lines": [], "start_line": 16}, "": {"executed_lines": [3, 4, 6, 7, 9, 10, 11, 13, 16], "summary": {"covered_lines": 9, "num_statements": 9, "percent_covered": 100.0, "percent_covered_display": "100.00", "missing_lines": 0, "excluded_lines": 0, "percent_statements_covered": 100.0, "percent_statements_covered_display": "100.00"}, "missing_lines": [], "excluded_lines": [], "start_line": 1}}, "classes": {"": {"executed_lines": [3, 4, 6, 7, 9, 10, 11, 13, 16], "summary": {"covered_lines": 9, "num_statements": 48, "percent_covered": 18.75, "percent_covered_display": "18.75", "missing_lines": 39, "excluded_lines": 0, "percent_statements_covered": 18.75, "percent_statements_covered_display": "18.75"}, "missing_lines": [27, 28, 29, 31, 32, 33, 36, 37, 38, 39, 41, 42, 43, 44, 45, 47, 48, 49, 50, 51, 53, 56, 57, 60, 61, 62, 63, 67, 68, 69, 71, 72, 73, 75, 76, 77, 78, 79, 80], "excluded_lines": [], "start_line": 1}}}, "app\\utils\\seed_quests.py": {"executed_lines": [3, 4, 6, 7, 9, 10, 11, 13, 16], "summary": {"covered_lines": 9, "num_statements": 33, "percent_covered": 27.272727272727273, "percent_covered_display": "27.27", "missing_lines": 24, "excluded_lines": 0, "percent_statements_covered": 27.272727272727273, "percent_statements_covered_display": "27.27"}, "missing_lines": [27, 29, 32, 33, 34, 36, 39, 40, 43, 44, 46, 47, 56, 57, 58, 60, 61, 62, 64, 65, 66, 67, 68, 69], "excluded_lines": [], "functions": {"seed_quests_from_json": {"executed_lines": [], "summary": {"covered_lines": 0, "num_statements": 24, "percent_covered": 0.0, "percent_covered_display": "0.00", "missing_lines": 24, "excluded_lines": 0, "percent_statements_covered": 0.0, "percent_statements_covered_display": "0.00"}, "missing_lines": [27, 29, 32, 33, 34, 36, 39, 40, 43, 44, 46, 47, 56, 57, 58, 60, 61, 62, 64, 65, 66, 67, 68, 69], "excluded_lines": [], "start_line": 16}, "": {"executed_lines": [3, 4, 6, 7, 9, 10, 11, 13, 16], "summary": {"covered_lines": 9, "num_statements": 9, "percent_covered": 100.0, "percent_covered_display": "100.00", "missing_lines": 0, "excluded_lines": 0, "percent_statements_covered": 100.0, "percent_statements_covered_display": "100.00"}, "missing_lines": [], "excluded_lines": [], "start_line": 1}}, "classes": {"": {"executed_lines": [3, 4, 6, 7, 9, 10, 11, 13, 16], "summary": {"covered_lines": 9, "num_statements": 33, "percent_covered": 27.272727272727273, "percent_covered_display": "27.27", "missing_lines": 24, "excluded_lines": 0, "percent_statements_covered": 27.272727272727273, "percent_statements_covered_display": "27.27"}, "missing_lines": [27, 29, 32, 33, 34, 36, 39, 40, 43, 44, 46, 47, 56, 57, 58, 60, 61, 62, 64, 65, 66, 67, 68, 69], "excluded_lines": [], "start_line": 1}}}, "app\\utils\\static_data.py": {"executed_lines": [1, 2, 3, 5, 6, 7, 8, 9, 10, 11, 12, 13, 15, 17, 18, 21, 22, 23, 24, 25, 26, 27, 28, 29, 31, 32, 39, 40, 45, 46, 56, 57, 62, 63, 72, 97, 98, 110, 111, 127, 128, 138], "summary": {"covered_lines": 42, "num_statements": 101, "percent_covered": 41.584158415841586, "percent_covered_display": "41.58", "missing_lines": 59, "excluded_lines": 0, "percent_statements_covered": 41.584158415841586, "percent_statements_covered_display": "41.58"}, "missing_lines": [33, 34, 35, 36, 37, 41, 42, 43, 47, 48, 49, 50, 51, 52, 53, 54, 58, 59, 60, 64, 65, 67, 68, 69, 70, 83, 84, 86, 87, 90, 91, 93, 95, 100, 101, 103, 104, 105, 106, 107, 108, 113, 114, 115, 116, 117, 118, 119, 120, 123, 124, 125, 129, 130, 131, 132, 133, 134, 135], "excluded_lines": [], "functions": {"StaticGameData.__init__": {"executed_lines": [23, 24, 25, 26, 27, 28, 29], "summary": {"covered_lines": 7, "num_statements": 7, "percent_covered": 100.0, "percent_covered_display": "100.00", "missing_lines": 0, "excluded_lines": 0, "percent_statements_covered": 100.0, "percent_statements_covered_display": "100.00"}, "missing_lines": [], "excluded_lines": [], "start_line": 22}, "StaticGameData.dwellers": {"executed_lines": [], "summary": {"covered_lines": 0, "num_statements": 5, "percent_covered": 0.0, "percent_covered_display": "0.00", "missing_lines": 5, "excluded_lines": 0, "percent_statements_covered": 0.0, "percent_statements_covered_display": "0.00"}, "missing_lines": [33, 34, 35, 36, 37], "excluded_lines": [], "start_line": 32}, "StaticGameData.junk_items": {"executed_lines": [], "summary": {"covered_lines": 0, "num_statements": 3, "percent_covered": 0.0, "percent_covered_display": "0.00", "missing_lines": 3, "excluded_lines": 0, "percent_statements_covered": 0.0, "percent_statements_covered_display": "0.00"}, "missing_lines": [41, 42, 43], "excluded_lines": [], "start_line": 40}, "StaticGameData.outfits": {"executed_lines": [], "summary": {"covered_lines": 0, "num_statements": 8, "percent_covered": 0.0, "percent_covered_display": "0.00", "missing_lines": 8, "excluded_lines": 0, "percent_statements_covered": 0.0, "percent_statements_covered_display": "0.00"}, "missing_lines": [47, 48, 49, 50, 51, 52, 53, 54], "excluded_lines": [], "start_line": 46}, "StaticGameData.weapons": {"executed_lines": [], "summary": {"covered_lines": 0, "num_statements": 3, "percent_covered": 0.0, "percent_covered_display": "0.00", "missing_lines": 3, "excluded_lines": 0, "percent_statements_covered": 0.0, "percent_statements_covered_display": "0.00"}, "missing_lines": [58, 59, 60], "excluded_lines": [], "start_line": 57}, "StaticGameData.rooms": {"executed_lines": [], "summary": {"covered_lines": 0, "num_statements": 6, "percent_covered": 0.0, "percent_covered_display": "0.00", "missing_lines": 6, "excluded_lines": 0, "percent_statements_covered": 0.0, "percent_statements_covered_display": "0.00"}, "missing_lines": [64, 65, 67, 68, 69, 70], "excluded_lines": [], "start_line": 63}, "StaticGameData.get_buildable_rooms": {"executed_lines": [], "summary": {"covered_lines": 0, "num_statements": 8, "percent_covered": 0.0, "percent_covered_display": "0.00", "missing_lines": 8, "excluded_lines": 0, "percent_statements_covered": 0.0, "percent_statements_covered_display": "0.00"}, "missing_lines": [83, 84, 86, 87, 90, 91, 93, 95], "excluded_lines": [], "start_line": 72}, "StaticGameData.quests": {"executed_lines": [], "summary": {"covered_lines": 0, "num_statements": 8, "percent_covered": 0.0, "percent_covered_display": "0.00", "missing_lines": 8, "excluded_lines": 0, "percent_statements_covered": 0.0, "percent_statements_covered_display": "0.00"}, "missing_lines": [100, 101, 103, 104, 105, 106, 107, 108], "excluded_lines": [], "start_line": 98}, "StaticGameData.objectives": {"executed_lines": [], "summary": {"covered_lines": 0, "num_statements": 11, "percent_covered": 0.0, "percent_covered_display": "0.00", "missing_lines": 11, "excluded_lines": 0, "percent_statements_covered": 0.0, "percent_statements_covered_display": "0.00"}, "missing_lines": [113, 114, 115, 116, 117, 118, 119, 120, 123, 124, 125], "excluded_lines": [], "start_line": 111}, "StaticGameData.load_data": {"executed_lines": [], "summary": {"covered_lines": 0, "num_statements": 7, "percent_covered": 0.0, "percent_covered_display": "0.00", "missing_lines": 7, "excluded_lines": 0, "percent_statements_covered": 0.0, "percent_statements_covered_display": "0.00"}, "missing_lines": [129, 130, 131, 132, 133, 134, 135], "excluded_lines": [], "start_line": 128}, "": {"executed_lines": [1, 2, 3, 5, 6, 7, 8, 9, 10, 11, 12, 13, 15, 17, 18, 21, 22, 31, 32, 39, 40, 45, 46, 56, 57, 62, 63, 72, 97, 98, 110, 111, 127, 128, 138], "summary": {"covered_lines": 35, "num_statements": 35, "percent_covered": 100.0, "percent_covered_display": "100.00", "missing_lines": 0, "excluded_lines": 0, "percent_statements_covered": 100.0, "percent_statements_covered_display": "100.00"}, "missing_lines": [], "excluded_lines": [], "start_line": 1}}, "classes": {"StaticGameData": {"executed_lines": [23, 24, 25, 26, 27, 28, 29], "summary": {"covered_lines": 7, "num_statements": 66, "percent_covered": 10.606060606060606, "percent_covered_display": "10.61", "missing_lines": 59, "excluded_lines": 0, "percent_statements_covered": 10.606060606060606, "percent_statements_covered_display": "10.61"}, "missing_lines": [33, 34, 35, 36, 37, 41, 42, 43, 47, 48, 49, 50, 51, 52, 53, 54, 58, 59, 60, 64, 65, 67, 68, 69, 70, 83, 84, 86, 87, 90, 91, 93, 95, 100, 101, 103, 104, 105, 106, 107, 108, 113, 114, 115, 116, 117, 118, 119, 120, 123, 124, 125, 129, 130, 131, 132, 133, 134, 135], "excluded_lines": [], "start_line": 21}, "": {"executed_lines": [1, 2, 3, 5, 6, 7, 8, 9, 10, 11, 12, 13, 15, 17, 18, 21, 22, 31, 32, 39, 40, 45, 46, 56, 57, 62, 63, 72, 97, 98, 110, 111, 127, 128, 138], "summary": {"covered_lines": 35, "num_statements": 35, "percent_covered": 100.0, "percent_covered_display": "100.00", "missing_lines": 0, "excluded_lines": 0, "percent_statements_covered": 100.0, "percent_statements_covered_display": "100.00"}, "missing_lines": [], "excluded_lines": [], "start_line": 1}}}, "app\\utils\\version.py": {"executed_lines": [7, 8, 11, 12, 17, 34], "summary": {"covered_lines": 6, "num_statements": 16, "percent_covered": 37.5, "percent_covered_display": "37.50", "missing_lines": 10, "excluded_lines": 0, "percent_statements_covered": 37.5, "percent_statements_covered_display": "37.50"}, "missing_lines": [13, 14, 24, 26, 27, 28, 29, 30, 31, 41], "excluded_lines": [], "functions": {"get_app_version": {"executed_lines": [], "summary": {"covered_lines": 0, "num_statements": 7, "percent_covered": 0.0, "percent_covered_display": "0.00", "missing_lines": 7, "excluded_lines": 0, "percent_statements_covered": 0.0, "percent_statements_covered_display": "0.00"}, "missing_lines": [24, 26, 27, 28, 29, 30, 31], "excluded_lines": [], "start_line": 17}, "get_python_version": {"executed_lines": [], "summary": {"covered_lines": 0, "num_statements": 1, "percent_covered": 0.0, "percent_covered_display": "0.00", "missing_lines": 1, "excluded_lines": 0, "percent_statements_covered": 0.0, "percent_statements_covered_display": "0.00"}, "missing_lines": [41], "excluded_lines": [], "start_line": 34}, "": {"executed_lines": [7, 8, 11, 12, 17, 34], "summary": {"covered_lines": 6, "num_statements": 8, "percent_covered": 75.0, "percent_covered_display": "75.00", "missing_lines": 2, "excluded_lines": 0, "percent_statements_covered": 75.0, "percent_statements_covered_display": "75.00"}, "missing_lines": [13, 14], "excluded_lines": [], "start_line": 1}}, "classes": {"": {"executed_lines": [7, 8, 11, 12, 17, 34], "summary": {"covered_lines": 6, "num_statements": 16, "percent_covered": 37.5, "percent_covered_display": "37.50", "missing_lines": 10, "excluded_lines": 0, "percent_statements_covered": 37.5, "percent_statements_covered_display": "37.50"}, "missing_lines": [13, 14, 24, 26, 27, 28, 29, 30, 31, 41], "excluded_lines": [], "start_line": 1}}}}, "totals": {"covered_lines": 3907, "num_statements": 8810, "percent_covered": 44.34733257661748, "percent_covered_display": "44.35", "missing_lines": 4903, "excluded_lines": 81, "percent_statements_covered": 44.34733257661748, "percent_statements_covered_display": "44.35"}}
